#
# A fatal error has been detected by the Java Runtime Environment:
#
#  EXCEPTION_ACCESS_VIOLATION (0xc0000005) at pc=0x00007fff3523d206, pid=29168, tid=15692
#
# JRE version: OpenJDK Runtime Environment Temurin-21.0.8+9 (21.0.8+9) (build 21.0.8+9-LTS)
# Java VM: OpenJDK 64-Bit Server VM Temurin-21.0.8+9 (21.0.8+9-LTS, mixed mode, sharing, tiered, compressed oops, compressed class ptrs, parallel gc, windows-amd64)
# Problematic frame:
# V  [jvm.dll+0x8d206]
#
# No core dump will be written. Minidumps are not enabled by default on client versions of Windows
#
# If you would like to submit a bug report, please visit:
#   https://github.com/adoptium/adoptium-support/issues
#

---------------  S U M M A R Y ------------

Command Line: --add-modules=ALL-SYSTEM --add-opens=java.base/java.util=ALL-UNNAMED --add-opens=java.base/java.lang=ALL-UNNAMED --add-opens=java.base/sun.nio.fs=ALL-UNNAMED -Declipse.application=org.eclipse.jdt.ls.core.id1 -Dosgi.bundles.defaultStartLevel=4 -Declipse.product=org.eclipse.jdt.ls.core.product -Djava.import.generatesMetadataFilesAtProjectRoot=false -DDetectVMInstallationsJob.disabled=true -Dfile.encoding=utf8 -XX:+UseParallelGC -XX:GCTimeRatio=4 -XX:AdaptiveSizePolicyWeight=90 -Dsun.zip.disableMemoryMapping=true -Xmx2G -Xms100m -Xlog:disable -javaagent:c:\Users\LIONH456\.cursor\extensions\redhat.java-1.45.0-win32-x64\lombok\lombok-1.18.39-4050.jar -XX:+HeapDumpOnOutOfMemoryError -XX:HeapDumpPath=c:\Users\LIONH456\AppData\Roaming\Cursor\User\workspaceStorage\76a9ed5c6fdba2b4253aabcdae1f886f\redhat.java -Daether.dependencyCollector.impl=bf c:\Users\LIONH456\.cursor\extensions\redhat.java-1.45.0-win32-x64\server\plugins\org.eclipse.equinox.launcher_1.7.0.v20250519-0528.jar -configuration c:\Users\LIONH456\AppData\Roaming\Cursor\User\globalStorage\redhat.java\1.45.0\config_win -data c:\Users\LIONH456\AppData\Roaming\Cursor\User\workspaceStorage\76a9ed5c6fdba2b4253aabcdae1f886f\redhat.java\jdt_ws --pipe=\\.\pipe\lsp-30ac084ac7880a331b9d2929a9835906-sock

Host: Intel(R) Core(TM) i9-14900HX, 32 cores, 63G,  Windows 11 , 64 bit Build 26100 (10.0.26100.4768)
Time: Wed Sep 17 18:24:39 2025 SE Asia Standard Time elapsed time: 16.757996 seconds (0d 0h 0m 16s)

---------------  T H R E A D  ---------------

Current thread (0x000002382656b240):  JavaThread "C2 CompilerThread4" daemon [_thread_in_native, id=15692, stack(0x000000c356200000,0x000000c356300000) (1024K)]


Current CompileTask:
C2:16758 6989   !   4       org.eclipse.osgi.internal.loader.classpath.ClasspathManager::defineClass (636 bytes)

Stack: [0x000000c356200000,0x000000c356300000],  sp=0x000000c3562fcf20,  free space=1011k
Native frames: (J=compiled Java code, j=interpreted, Vv=VM code, C=native code)
V  [jvm.dll+0x8d206]
V  [jvm.dll+0x661e3d]
V  [jvm.dll+0x65fd8e]
V  [jvm.dll+0x248d55]
V  [jvm.dll+0x2484af]
V  [jvm.dll+0x1c89ee]
V  [jvm.dll+0x257d4d]
V  [jvm.dll+0x2562ea]
V  [jvm.dll+0x3f2d16]
V  [jvm.dll+0x857e6b]
V  [jvm.dll+0x6d0b0d]
C  [ucrtbase.dll+0x37b0]
C  [KERNEL32.DLL+0x2e8d7]
C  [ntdll.dll+0x3c34c]


siginfo: EXCEPTION_ACCESS_VIOLATION (0xc0000005), reading address 0x0000023958ae5da8


Registers:
RAX=0x000002382a09f928, RBX=0x00000238244dadd8, RCX=0x000002382a09f8e8, RDX=0x0000000025d48c90
RSP=0x000000c3562fcf20, RBP=0x000000c3562fcf98, RSI=0xfffffffffffffff8, RDI=0x000002382a09f8e8
R8 =0x00000238244dadd8, R9 =0x000002382a097d70, R10=0x000000c3562fe720, R11=0x0000000000000044
R12=0x0000023825d48c90, R13=0x000000c3562fd3b0, R14=0x0000000000000001, R15=0x0000023824a7de40
RIP=0x00007fff3523d206, EFLAGS=0x0000000000010202

XMM[0]=0x0000000000000000 0x0000400000000000
XMM[1]=0x0000000800000008 0x0000000000000000
XMM[2]=0x000002382a0b1d00 0x000002382a0b1ab8
XMM[3]=0x0000023822f4be30 0x0000023822f4be30
XMM[4]=0x0000023825d1d390 0x0000023825d1d390
XMM[5]=0x0000023823d12e60 0x0000023823d13638
XMM[6]=0x0000000000000000 0x0000000000000000
XMM[7]=0x0000000000000000 0x0000000000000000
XMM[8]=0x0000000000000000 0x0000000000000000
XMM[9]=0x0000000000000000 0x0000000000000000
XMM[10]=0x0000000000000000 0x0000000000000000
XMM[11]=0x0000000000000000 0x0000000000000000
XMM[12]=0x0000000000000000 0x0000000000000000
XMM[13]=0x0000000000000000 0x0000000000000000
XMM[14]=0x0000000000000000 0x0000000000000000
XMM[15]=0x0000000000000000 0x0000000000000000
  MXCSR=0x00001fa0


Register to memory mapping:

RAX=0x000002382a09f928 points into unknown readable memory: 0x0000023824a7de40 | 40 de a7 24 38 02 00 00
RBX=0x00000238244dadd8 points into unknown readable memory: 0x00007fff35bc50f8 | f8 50 bc 35 ff 7f 00 00
RCX=0x000002382a09f8e8 points into unknown readable memory: 0x00007fff35bc9268 | 68 92 bc 35 ff 7f 00 00
RDX=0x0000000025d48c90 is an unknown value
RSP=0x000000c3562fcf20 is pointing into the stack for thread: 0x000002382656b240
RBP=0x000000c3562fcf98 is pointing into the stack for thread: 0x000002382656b240
RSI=0xfffffffffffffff8 is an unknown value
RDI=0x000002382a09f8e8 points into unknown readable memory: 0x00007fff35bc9268 | 68 92 bc 35 ff 7f 00 00
R8 =0x00000238244dadd8 points into unknown readable memory: 0x00007fff35bc50f8 | f8 50 bc 35 ff 7f 00 00
R9 =0x000002382a097d70 points into unknown readable memory: 0x0000000000000000 | 00 00 00 00 00 00 00 00
R10=0x000000c3562fe720 is pointing into the stack for thread: 0x000002382656b240
R11=0x0000000000000044 is an unknown value
R12=0x0000023825d48c90 points into unknown readable memory: 0x00007fff35b23378 | 78 33 b2 35 ff 7f 00 00
R13=0x000000c3562fd3b0 is pointing into the stack for thread: 0x000002382656b240
R14=0x0000000000000001 is an unknown value
R15=0x0000023824a7de40 points into unknown readable memory: 0x00007fff35bc50f8 | f8 50 bc 35 ff 7f 00 00

Top of Stack: (sp=0x000000c3562fcf20)
0x000000c3562fcf20:   0000023825d48c90 0000000000000000
0x000000c3562fcf30:   fffffffffffffff8 000000c3562fcf98
0x000000c3562fcf40:   0000000000000000 00007fff35811e3d
0x000000c3562fcf50:   00000238244dadd8 0000023800000118
0x000000c3562fcf60:   0000000000000001 0000023824eb7600
0x000000c3562fcf70:   000002382a10c700 000002382a18c140
0x000000c3562fcf80:   000002382a103cc0 0000023822e30c60
0x000000c3562fcf90:   000000c3562fe9d0 0000000000000000
0x000000c3562fcfa0:   0000000000000000 000000c3562fd3b0
0x000000c3562fcfb0:   000000c3562fd049 00007fff3580fd8e
0x000000c3562fcfc0:   000000000000000a 00000000000044c4
0x000000c3562fcfd0:   000000000000000a 000002382449edb8
0x000000c3562fcfe0:   0000023823ff2f10 000000c3562fe9d0
0x000000c3562fcff0:   0000000000100000 0000000000000000
0x000000c3562fd000:   0000000000000000 0000000000000000
0x000000c3562fd010:   0000000000000000 0000000000000000
0x000000c3562fd020:   0000000000000000 0000000000000000
0x000000c3562fd030:   0000000000000000 0000000000000000
0x000000c3562fd040:   0000000000000000 0000000000000000
0x000000c3562fd050:   000000c3562fd458 0000000000000007
0x000000c3562fd060:   0000000000000000 000002382392b3b0
0x000000c3562fd070:   0000acdf0ea8518d 00007fff35809c7e
0x000000c3562fd080:   0000000000000000 0000000080000000
0x000000c3562fd090:   00000237c137f660 0000000000000070
0x000000c3562fd0a0:   000000c3562fd1b0 00007fff353f8d55
0x000000c3562fd0b0:   000000c3562fe720 000000c3562fe720
0x000000c3562fd0c0:   000000c3562fe720 00007fff35bc53e0
0x000000c3562fd0d0:   0000000000000000 0000000000000000
0x000000c3562fd0e0:   0000000000000000 0000000000000000
0x000000c3562fd0f0:   0000000000000000 0000000000000000
0x000000c3562fd100:   0000000000000000 00007fff35bc53e0
0x000000c3562fd110:   0000000000000000 0000000000000000 

Instructions: (pc=0x00007fff3523d206)
0x00007fff3523d106:   8b d9 8d 47 01 89 41 18 3b 79 08 72 07 8b d7 e8
0x00007fff3523d116:   c6 05 62 00 48 8b 43 10 48 8b 5c 24 30 48 89 34
0x00007fff3523d126:   f8 48 8b 74 24 38 48 83 c4 20 5f c3 cc cc cc cc
0x00007fff3523d136:   cc cc cc cc cc cc cc cc cc cc b8 cb 02 00 00 c3
0x00007fff3523d146:   cc cc cc cc cc cc cc cc cc cc b8 c9 02 00 00 c3
0x00007fff3523d156:   cc cc cc cc cc cc cc cc cc cc b8 c6 02 00 00 c3
0x00007fff3523d166:   cc cc cc cc cc cc cc cc cc cc b8 a8 02 00 00 c3
0x00007fff3523d176:   cc cc cc cc cc cc cc cc cc cc b8 22 04 00 00 c3
0x00007fff3523d186:   cc cc cc cc cc cc cc cc cc cc b8 24 04 00 00 c3
0x00007fff3523d196:   cc cc cc cc cc cc cc cc cc cc b8 be 02 00 00 c3
0x00007fff3523d1a6:   cc cc cc cc cc cc cc cc cc cc b8 b1 02 00 00 c3
0x00007fff3523d1b6:   cc cc cc cc cc cc cc cc cc cc b8 b6 02 00 00 c3
0x00007fff3523d1c6:   cc cc cc cc cc cc cc cc cc cc b8 9a 01 00 00 c3
0x00007fff3523d1d6:   cc cc cc cc cc cc cc cc cc cc b8 1e 03 00 00 c3
0x00007fff3523d1e6:   cc cc cc cc cc cc cc cc cc cc 48 89 5c 24 08 57
0x00007fff3523d1f6:   48 83 ec 20 48 8b 41 08 48 8b f9 8b d2 49 8b d8
0x00007fff3523d206:   48 8b 0c d0 4c 8d 0c d0 48 85 c9 74 26 4c 8b 41
0x00007fff3523d216:   10 4d 85 c0 74 1d 8b 41 20 49 8d 14 c0 48 39 7a
0x00007fff3523d226:   f8 48 8d 52 f8 75 f6 ff c8 89 41 20 49 8b 0c c0
0x00007fff3523d236:   48 89 0a 49 89 19 48 85 db 74 25 48 83 7b 10 00
0x00007fff3523d246:   74 1e 8b 53 20 3b 53 24 75 08 48 8b cb e8 e8 14
0x00007fff3523d256:   62 00 8b 4b 20 48 8b 43 10 48 89 3c c8 ff 43 20
0x00007fff3523d266:   8b 0d 7c 82 c5 00 65 48 8b 04 25 58 00 00 00 ba
0x00007fff3523d276:   70 00 00 00 48 8b 04 c8 80 3c 02 00 75 05 e8 a7
0x00007fff3523d286:   fc 8b 00 48 8b 5c 24 30 48 83 c4 20 5f c3 cc cc
0x00007fff3523d296:   cc cc cc cc cc cc cc cc cc cc b8 a8 00 00 00 c3
0x00007fff3523d2a6:   cc cc cc cc cc cc cc cc cc cc 40 53 48 83 ec 20
0x00007fff3523d2b6:   48 8b d9 e8 32 02 00 00 48 8d 05 d3 c0 91 00 c6
0x00007fff3523d2c6:   83 98 00 00 00 00 48 89 03 48 8d 83 a8 00 00 00
0x00007fff3523d2d6:   48 89 43 40 48 8b c3 c7 43 2c be 00 00 00 66 c7
0x00007fff3523d2e6:   43 3a 02 00 48 83 c4 20 5b c3 40 53 48 83 ec 20
0x00007fff3523d2f6:   48 8b d9 e8 f2 01 00 00 48 8d 05 8b c3 91 00 c7 


Stack slot to memory mapping:

stack at sp + 0 slots: 0x0000023825d48c90 points into unknown readable memory: 0x00007fff35b23378 | 78 33 b2 35 ff 7f 00 00
stack at sp + 1 slots: 0x0 is null
stack at sp + 2 slots: 0xfffffffffffffff8 is an unknown value
stack at sp + 3 slots: 0x000000c3562fcf98 is pointing into the stack for thread: 0x000002382656b240
stack at sp + 4 slots: 0x0 is null
stack at sp + 5 slots: 0x00007fff35811e3d jvm.dll
stack at sp + 6 slots: 0x00000238244dadd8 points into unknown readable memory: 0x00007fff35bc50f8 | f8 50 bc 35 ff 7f 00 00
stack at sp + 7 slots: 0x0000023800000118 is an unknown value


---------------  P R O C E S S  ---------------

Threads class SMR info:
_java_thread_list=0x0000023824b6fde0, length=103, elements={
0x00000237bed7bfb0, 0x00000237c13b73a0, 0x00000237c12be6e0, 0x00000237c13c72c0,
0x00000237c13c65a0, 0x00000237c13c51f0, 0x00000237c13c5f10, 0x000002381a1d9940,
0x000002381a1daed0, 0x00000237c13c8670, 0x00000237c13c5880, 0x00000237c13c6c30,
0x00000237c13c7950, 0x00000237c13c7fe0, 0x0000023822300fd0, 0x0000023822302380,
0x0000023822302a10, 0x00000238230636f0, 0x00000238223030a0, 0x0000023822f50fe0,
0x0000023822e2f530, 0x0000023822e2d790, 0x000002381a33bd10, 0x00000238222ffc20,
0x0000023822f0d4f0, 0x000002382314ecd0, 0x00000238223002b0, 0x0000023822300940,
0x0000023822303730, 0x0000023822303dc0, 0x0000023822304450, 0x0000023822301660,
0x0000023822304ae0, 0x0000023822305170, 0x0000023822301cf0, 0x0000023822305800,
0x0000023822305e90, 0x0000023822306520, 0x0000023822306bb0, 0x0000023822307240,
0x0000023825e2c380, 0x0000023825e29c20, 0x0000023825e2d730, 0x0000023825e2a940,
0x0000023825e2ca10, 0x0000023825e2bcf0, 0x0000023825e2d0a0, 0x0000023825e2a2b0,
0x0000023825e2b660, 0x0000023825e2e450, 0x0000023825e2afd0, 0x0000023825e30520,
0x0000023825e2eae0, 0x0000023825e31240, 0x0000023825e2f170, 0x0000023825e2f800,
0x0000023825e2fe90, 0x0000023825e30bb0, 0x0000023825e2ddc0, 0x0000023825d6a130,
0x0000023825d6a7c0, 0x0000023825d69aa0, 0x0000023825d68d80, 0x0000023825d6ae50,
0x0000023825d6b4e0, 0x0000023825d6bb70, 0x000002382656b240, 0x0000023825d6c200,
0x0000023825d6c890, 0x0000023825d69410, 0x0000023825d6e960, 0x0000023825d6f680,
0x0000023825d703a0, 0x0000023825d6cf20, 0x0000023825d6d5b0, 0x0000023825d6dc40,
0x00000238246ae3b0, 0x00000238246b11a0, 0x00000238246b0480, 0x00000238246aea40,
0x00000238246add20, 0x00000238246b1830, 0x00000238246b0b10, 0x00000238246b1ec0,
0x00000238246b2550, 0x00000238246af0d0, 0x00000238246b2be0, 0x00000238246af760,
0x00000238246b3270, 0x00000238246afdf0, 0x00000238246b4620, 0x00000238246b5340,
0x00000238246b3900, 0x00000238246b3f90, 0x00000238246b4cb0, 0x000002382ae798f0,
0x000002382ae79f80, 0x000002382ae7aca0, 0x000002382ae77820, 0x000002382ae7b330,
0x000002382ae77eb0, 0x000002382ae7a610, 0x000002382ae78540
}

Java Threads: ( => current thread )
  0x00000237bed7bfb0 JavaThread "main"                              [_thread_blocked, id=30916, stack(0x000000c350500000,0x000000c350600000) (1024K)]
  0x00000237c13b73a0 JavaThread "Reference Handler"          daemon [_thread_blocked, id=34776, stack(0x000000c350900000,0x000000c350a00000) (1024K)]
  0x00000237c12be6e0 JavaThread "Finalizer"                  daemon [_thread_blocked, id=32968, stack(0x000000c350a00000,0x000000c350b00000) (1024K)]
  0x00000237c13c72c0 JavaThread "Signal Dispatcher"          daemon [_thread_blocked, id=3724, stack(0x000000c350b00000,0x000000c350c00000) (1024K)]
  0x00000237c13c65a0 JavaThread "Attach Listener"            daemon [_thread_blocked, id=30584, stack(0x000000c350c00000,0x000000c350d00000) (1024K)]
  0x00000237c13c51f0 JavaThread "Service Thread"             daemon [_thread_blocked, id=34772, stack(0x000000c350d00000,0x000000c350e00000) (1024K)]
  0x00000237c13c5f10 JavaThread "Monitor Deflation Thread"   daemon [_thread_blocked, id=28972, stack(0x000000c350e00000,0x000000c350f00000) (1024K)]
  0x000002381a1d9940 JavaThread "C2 CompilerThread0"         daemon [_thread_blocked, id=12080, stack(0x000000c350f00000,0x000000c351000000) (1024K)]
  0x000002381a1daed0 JavaThread "C1 CompilerThread0"         daemon [_thread_blocked, id=31956, stack(0x000000c351000000,0x000000c351100000) (1024K)]
  0x00000237c13c8670 JavaThread "Common-Cleaner"             daemon [_thread_blocked, id=11112, stack(0x000000c351200000,0x000000c351300000) (1024K)]
  0x00000237c13c5880 JavaThread "Notification Thread"        daemon [_thread_blocked, id=6872, stack(0x000000c351800000,0x000000c351900000) (1024K)]
  0x00000237c13c6c30 JavaThread "Active Thread: Equinox Container: a79dd67c-4b2e-445d-af9e-b3355550e455"        [_thread_blocked, id=31616, stack(0x000000c352200000,0x000000c352300000) (1024K)]
  0x00000237c13c7950 JavaThread "Refresh Thread: Equinox Container: a79dd67c-4b2e-445d-af9e-b3355550e455" daemon [_thread_blocked, id=32192, stack(0x000000c351300000,0x000000c351400000) (1024K)]
  0x00000237c13c7fe0 JavaThread "Framework Event Dispatcher: Equinox Container: a79dd67c-4b2e-445d-af9e-b3355550e455" daemon [_thread_blocked, id=33848, stack(0x000000c351400000,0x000000c351500000) (1024K)]
  0x0000023822300fd0 JavaThread "Start Level: Equinox Container: a79dd67c-4b2e-445d-af9e-b3355550e455" daemon [_thread_blocked, id=33908, stack(0x000000c351600000,0x000000c351700000) (1024K)]
  0x0000023822302380 JavaThread "Bundle File Closer"         daemon [_thread_blocked, id=31824, stack(0x000000c352100000,0x000000c352200000) (1024K)]
  0x0000023822302a10 JavaThread "SCR Component Actor"        daemon [_thread_blocked, id=17216, stack(0x000000c351100000,0x000000c351200000) (1024K)]
  0x00000238230636f0 JavaThread "C1 CompilerThread1"         daemon [_thread_blocked, id=30364, stack(0x000000c352000000,0x000000c352100000) (1024K)]
  0x00000238223030a0 JavaThread "SCR Component Registry"     daemon [_thread_blocked, id=17712, stack(0x000000c352400000,0x000000c352500000) (1024K)]
  0x0000023822f50fe0 JavaThread "C1 CompilerThread2"         daemon [_thread_blocked, id=2712, stack(0x000000c352500000,0x000000c352600000) (1024K)]
  0x0000023822e2f530 JavaThread "C2 CompilerThread1"         daemon [_thread_blocked, id=31196, stack(0x000000c352600000,0x000000c352700000) (1024K)]
  0x0000023822e2d790 JavaThread "C2 CompilerThread2"         daemon [_thread_blocked, id=13616, stack(0x000000c352700000,0x000000c352800000) (1024K)]
  0x000002381a33bd10 JavaThread "C2 CompilerThread3"         daemon [_thread_blocked, id=23092, stack(0x000000c352800000,0x000000c352900000) (1024K)]
  0x00000238222ffc20 JavaThread "Worker-JM"                         [_thread_blocked, id=32588, stack(0x000000c352900000,0x000000c352a00000) (1024K)]
  0x0000023822f0d4f0 JavaThread "C1 CompilerThread3"         daemon [_thread_blocked, id=23096, stack(0x000000c352d00000,0x000000c352e00000) (1024K)]
  0x000002382314ecd0 JavaThread "C1 CompilerThread4"         daemon [_thread_blocked, id=34404, stack(0x000000c352e00000,0x000000c352f00000) (1024K)]
  0x00000238223002b0 JavaThread "JNA Cleaner"                daemon [_thread_blocked, id=16132, stack(0x000000c352f00000,0x000000c353000000) (1024K)]
  0x0000023822300940 JavaThread "Worker-0"                          [_thread_blocked, id=3504, stack(0x000000c353000000,0x000000c353100000) (1024K)]
  0x0000023822303730 JavaThread "Worker-1"                          [_thread_blocked, id=19568, stack(0x000000c353100000,0x000000c353200000) (1024K)]
  0x0000023822303dc0 JavaThread "Java indexing"              daemon [_thread_blocked, id=27764, stack(0x000000c353700000,0x000000c353800000) (1024K)]
  0x0000023822304450 JavaThread "Worker-2"                          [_thread_blocked, id=33556, stack(0x000000c353c00000,0x000000c353d00000) (1024K)]
  0x0000023822301660 JavaThread "Worker-3: Initialize Workspace"        [_thread_blocked, id=29424, stack(0x000000c353d00000,0x000000c353e00000) (1024K)]
  0x0000023822304ae0 JavaThread "Thread-2"                   daemon [_thread_in_native, id=30588, stack(0x000000c353e00000,0x000000c353f00000) (1024K)]
  0x0000023822305170 JavaThread "Thread-3"                   daemon [_thread_in_native, id=5016, stack(0x000000c353f00000,0x000000c354000000) (1024K)]
  0x0000023822301cf0 JavaThread "Thread-4"                   daemon [_thread_in_native, id=23592, stack(0x000000c354000000,0x000000c354100000) (1024K)]
  0x0000023822305800 JavaThread "Thread-5"                   daemon [_thread_in_native, id=31604, stack(0x000000c354100000,0x000000c354200000) (1024K)]
  0x0000023822305e90 JavaThread "Thread-6"                   daemon [_thread_in_native, id=33420, stack(0x000000c354200000,0x000000c354300000) (1024K)]
  0x0000023822306520 JavaThread "Thread-7"                   daemon [_thread_in_native, id=21832, stack(0x000000c354300000,0x000000c354400000) (1024K)]
  0x0000023822306bb0 JavaThread "Thread-8"                   daemon [_thread_in_native, id=18496, stack(0x000000c354400000,0x000000c354500000) (1024K)]
  0x0000023822307240 JavaThread "Thread-9"                   daemon [_thread_in_native, id=26336, stack(0x000000c354500000,0x000000c354600000) (1024K)]
  0x0000023825e2c380 JavaThread "Thread-10"                  daemon [_thread_in_native, id=27496, stack(0x000000c354600000,0x000000c354700000) (1024K)]
  0x0000023825e29c20 JavaThread "Thread-11"                  daemon [_thread_in_native, id=34380, stack(0x000000c354700000,0x000000c354800000) (1024K)]
  0x0000023825e2d730 JavaThread "Thread-12"                  daemon [_thread_in_native, id=27596, stack(0x000000c354800000,0x000000c354900000) (1024K)]
  0x0000023825e2a940 JavaThread "Thread-13"                  daemon [_thread_in_native, id=19172, stack(0x000000c354900000,0x000000c354a00000) (1024K)]
  0x0000023825e2ca10 JavaThread "Thread-14"                  daemon [_thread_in_native, id=9100, stack(0x000000c354a00000,0x000000c354b00000) (1024K)]
  0x0000023825e2bcf0 JavaThread "Thread-15"                  daemon [_thread_in_native, id=34224, stack(0x000000c354b00000,0x000000c354c00000) (1024K)]
  0x0000023825e2d0a0 JavaThread "Thread-16"                  daemon [_thread_in_native, id=34240, stack(0x000000c354c00000,0x000000c354d00000) (1024K)]
  0x0000023825e2a2b0 JavaThread "Thread-17"                  daemon [_thread_in_native, id=34152, stack(0x000000c354d00000,0x000000c354e00000) (1024K)]
  0x0000023825e2b660 JavaThread "Thread-18"                  daemon [_thread_in_native, id=29724, stack(0x000000c354e00000,0x000000c354f00000) (1024K)]
  0x0000023825e2e450 JavaThread "Thread-19"                  daemon [_thread_in_native, id=30468, stack(0x000000c354f00000,0x000000c355000000) (1024K)]
  0x0000023825e2afd0 JavaThread "Thread-20"                  daemon [_thread_in_native, id=28708, stack(0x000000c355000000,0x000000c355100000) (1024K)]
  0x0000023825e30520 JavaThread "Thread-21"                  daemon [_thread_in_native, id=30920, stack(0x000000c355100000,0x000000c355200000) (1024K)]
  0x0000023825e2eae0 JavaThread "Thread-22"                  daemon [_thread_in_native, id=14100, stack(0x000000c355200000,0x000000c355300000) (1024K)]
  0x0000023825e31240 JavaThread "Thread-23"                  daemon [_thread_in_native, id=28868, stack(0x000000c355300000,0x000000c355400000) (1024K)]
  0x0000023825e2f170 JavaThread "Thread-24"                  daemon [_thread_in_native, id=28104, stack(0x000000c355400000,0x000000c355500000) (1024K)]
  0x0000023825e2f800 JavaThread "Thread-25"                  daemon [_thread_in_native, id=3628, stack(0x000000c355500000,0x000000c355600000) (1024K)]
  0x0000023825e2fe90 JavaThread "Thread-26"                  daemon [_thread_in_native, id=8672, stack(0x000000c355600000,0x000000c355700000) (1024K)]
  0x0000023825e30bb0 JavaThread "Thread-27"                  daemon [_thread_in_native, id=29792, stack(0x000000c355700000,0x000000c355800000) (1024K)]
  0x0000023825e2ddc0 JavaThread "Thread-28"                  daemon [_thread_in_native, id=33936, stack(0x000000c355800000,0x000000c355900000) (1024K)]
  0x0000023825d6a130 JavaThread "Thread-29"                  daemon [_thread_in_native, id=18420, stack(0x000000c355900000,0x000000c355a00000) (1024K)]
  0x0000023825d6a7c0 JavaThread "Thread-30"                  daemon [_thread_in_native, id=32732, stack(0x000000c355a00000,0x000000c355b00000) (1024K)]
  0x0000023825d69aa0 JavaThread "Thread-31"                  daemon [_thread_in_native, id=3260, stack(0x000000c355b00000,0x000000c355c00000) (1024K)]
  0x0000023825d68d80 JavaThread "Thread-32"                  daemon [_thread_in_native, id=29328, stack(0x000000c355c00000,0x000000c355d00000) (1024K)]
  0x0000023825d6ae50 JavaThread "Thread-33"                  daemon [_thread_in_native, id=30788, stack(0x000000c355d00000,0x000000c355e00000) (1024K)]
  0x0000023825d6b4e0 JavaThread "Thread-34"                  daemon [_thread_in_native, id=30376, stack(0x000000c355e00000,0x000000c355f00000) (1024K)]
  0x0000023825d6bb70 JavaThread "pool-2-thread-1"                   [_thread_blocked, id=12420, stack(0x000000c356100000,0x000000c356200000) (1024K)]
=>0x000002382656b240 JavaThread "C2 CompilerThread4"         daemon [_thread_in_native, id=15692, stack(0x000000c356200000,0x000000c356300000) (1024K)]
  0x0000023825d6c200 JavaThread "Worker-4"                          [_thread_blocked, id=29604, stack(0x000000c356800000,0x000000c356900000) (1024K)]
  0x0000023825d6c890 JavaThread "WorkspaceEventsHandler"            [_thread_blocked, id=8056, stack(0x000000c356900000,0x000000c356a00000) (1024K)]
  0x0000023825d69410 JavaThread "pool-1-thread-1"                   [_thread_blocked, id=30836, stack(0x000000c356a00000,0x000000c356b00000) (1024K)]
  0x0000023825d6e960 JavaThread "ForkJoinPool.commonPool-worker-1" daemon [_thread_blocked, id=18200, stack(0x000000c356b00000,0x000000c356c00000) (1024K)]
  0x0000023825d6f680 JavaThread "ForkJoinPool.commonPool-worker-2" daemon [_thread_blocked, id=29904, stack(0x000000c356c00000,0x000000c356d00000) (1024K)]
  0x0000023825d703a0 JavaThread "ForkJoinPool.commonPool-worker-3" daemon [_thread_blocked, id=20420, stack(0x000000c356d00000,0x000000c356e00000) (1024K)]
  0x0000023825d6cf20 JavaThread "ForkJoinPool.commonPool-worker-4" daemon [_thread_blocked, id=11492, stack(0x000000c356e00000,0x000000c356f00000) (1024K)]
  0x0000023825d6d5b0 JavaThread "ForkJoinPool.commonPool-worker-5" daemon [_thread_blocked, id=31520, stack(0x000000c356f00000,0x000000c357000000) (1024K)]
  0x0000023825d6dc40 JavaThread "ForkJoinPool.commonPool-worker-6" daemon [_thread_blocked, id=20212, stack(0x000000c357000000,0x000000c357100000) (1024K)]
  0x00000238246ae3b0 JavaThread "ForkJoinPool.commonPool-worker-7" daemon [_thread_blocked, id=26512, stack(0x000000c357100000,0x000000c357200000) (1024K)]
  0x00000238246b11a0 JavaThread "ForkJoinPool.commonPool-worker-8" daemon [_thread_blocked, id=24248, stack(0x000000c357200000,0x000000c357300000) (1024K)]
  0x00000238246b0480 JavaThread "ForkJoinPool.commonPool-worker-9" daemon [_thread_blocked, id=33984, stack(0x000000c357300000,0x000000c357400000) (1024K)]
  0x00000238246aea40 JavaThread "ForkJoinPool.commonPool-worker-10" daemon [_thread_blocked, id=34384, stack(0x000000c357400000,0x000000c357500000) (1024K)]
  0x00000238246add20 JavaThread "ForkJoinPool.commonPool-worker-11" daemon [_thread_blocked, id=31348, stack(0x000000c357500000,0x000000c357600000) (1024K)]
  0x00000238246b1830 JavaThread "ForkJoinPool.commonPool-worker-12" daemon [_thread_blocked, id=7400, stack(0x000000c357600000,0x000000c357700000) (1024K)]
  0x00000238246b0b10 JavaThread "ForkJoinPool.commonPool-worker-13" daemon [_thread_blocked, id=34376, stack(0x000000c357700000,0x000000c357800000) (1024K)]
  0x00000238246b1ec0 JavaThread "ForkJoinPool.commonPool-worker-14" daemon [_thread_blocked, id=31220, stack(0x000000c357800000,0x000000c357900000) (1024K)]
  0x00000238246b2550 JavaThread "ForkJoinPool.commonPool-worker-15" daemon [_thread_blocked, id=16380, stack(0x000000c357900000,0x000000c357a00000) (1024K)]
  0x00000238246af0d0 JavaThread "ForkJoinPool.commonPool-worker-16" daemon [_thread_blocked, id=34032, stack(0x000000c357a00000,0x000000c357b00000) (1024K)]
  0x00000238246b2be0 JavaThread "ForkJoinPool.commonPool-worker-17" daemon [_thread_blocked, id=23628, stack(0x000000c357b00000,0x000000c357c00000) (1024K)]
  0x00000238246af760 JavaThread "ForkJoinPool.commonPool-worker-18" daemon [_thread_blocked, id=24308, stack(0x000000c357c00000,0x000000c357d00000) (1024K)]
  0x00000238246b3270 JavaThread "ForkJoinPool.commonPool-worker-19" daemon [_thread_blocked, id=27328, stack(0x000000c357d00000,0x000000c357e00000) (1024K)]
  0x00000238246afdf0 JavaThread "ForkJoinPool.commonPool-worker-20" daemon [_thread_blocked, id=25956, stack(0x000000c357e00000,0x000000c357f00000) (1024K)]
  0x00000238246b4620 JavaThread "ForkJoinPool.commonPool-worker-21" daemon [_thread_blocked, id=28476, stack(0x000000c357f00000,0x000000c358000000) (1024K)]
  0x00000238246b5340 JavaThread "ForkJoinPool.commonPool-worker-22" daemon [_thread_blocked, id=652, stack(0x000000c358000000,0x000000c358100000) (1024K)]
  0x00000238246b3900 JavaThread "ForkJoinPool.commonPool-worker-23" daemon [_thread_blocked, id=32564, stack(0x000000c358100000,0x000000c358200000) (1024K)]
  0x00000238246b3f90 JavaThread "ForkJoinPool.commonPool-worker-24" daemon [_thread_blocked, id=33836, stack(0x000000c358200000,0x000000c358300000) (1024K)]
  0x00000238246b4cb0 JavaThread "ForkJoinPool.commonPool-worker-26" daemon [_thread_blocked, id=29508, stack(0x000000c358300000,0x000000c358400000) (1024K)]
  0x000002382ae798f0 JavaThread "ForkJoinPool.commonPool-worker-25" daemon [_thread_blocked, id=16128, stack(0x000000c358400000,0x000000c358500000) (1024K)]
  0x000002382ae79f80 JavaThread "ForkJoinPool.commonPool-worker-27" daemon [_thread_blocked, id=33024, stack(0x000000c358500000,0x000000c358600000) (1024K)]
  0x000002382ae7aca0 JavaThread "ForkJoinPool.commonPool-worker-28" daemon [_thread_blocked, id=31716, stack(0x000000c358600000,0x000000c358700000) (1024K)]
  0x000002382ae77820 JavaThread "ForkJoinPool.commonPool-worker-29" daemon [_thread_blocked, id=32560, stack(0x000000c358700000,0x000000c358800000) (1024K)]
  0x000002382ae7b330 JavaThread "ForkJoinPool.commonPool-worker-30" daemon [_thread_blocked, id=30780, stack(0x000000c358800000,0x000000c358900000) (1024K)]
  0x000002382ae77eb0 JavaThread "ForkJoinPool.commonPool-worker-31" daemon [_thread_blocked, id=26428, stack(0x000000c358900000,0x000000c358a00000) (1024K)]
  0x000002382ae7a610 JavaThread "Timer-0"                           [_thread_blocked, id=29920, stack(0x000000c358a00000,0x000000c358b00000) (1024K)]
  0x000002382ae78540 JavaThread "Connection worker"                 [_thread_in_native, id=29156, stack(0x000000c356600000,0x000000c356700000) (1024K)]
Total: 103

Other Threads:
  0x00000237c12adba0 VMThread "VM Thread"                           [id=34160, stack(0x000000c350800000,0x000000c350900000) (1024K)]
  0x00000237c119ca00 WatcherThread "VM Periodic Task Thread"        [id=26232, stack(0x000000c350700000,0x000000c350800000) (1024K)]
  0x00000237c132e450 WorkerThread "GC Thread#0"                     [id=26008, stack(0x000000c350600000,0x000000c350700000) (1024K)]
  0x0000023822a0da30 WorkerThread "GC Thread#1"                     [id=32296, stack(0x000000c351a00000,0x000000c351b00000) (1024K)]
  0x0000023822aac3c0 WorkerThread "GC Thread#2"                     [id=22184, stack(0x000000c351b00000,0x000000c351c00000) (1024K)]
  0x0000023822ae91c0 WorkerThread "GC Thread#3"                     [id=33776, stack(0x000000c351c00000,0x000000c351d00000) (1024K)]
  0x0000023822ae9560 WorkerThread "GC Thread#4"                     [id=16908, stack(0x000000c351d00000,0x000000c351e00000) (1024K)]
  0x0000023822d63eb0 WorkerThread "GC Thread#5"                     [id=27760, stack(0x000000c351e00000,0x000000c351f00000) (1024K)]
  0x0000023822d64250 WorkerThread "GC Thread#6"                     [id=17644, stack(0x000000c351f00000,0x000000c352000000) (1024K)]
  0x0000023822d63b10 WorkerThread "GC Thread#7"                     [id=19616, stack(0x000000c352300000,0x000000c352400000) (1024K)]
  0x0000023822d64990 WorkerThread "GC Thread#8"                     [id=34044, stack(0x000000c351500000,0x000000c351600000) (1024K)]
  0x0000023822d64d30 WorkerThread "GC Thread#9"                     [id=28916, stack(0x000000c351700000,0x000000c351800000) (1024K)]
  0x0000023822d650d0 WorkerThread "GC Thread#10"                    [id=31568, stack(0x000000c351900000,0x000000c351a00000) (1024K)]
  0x000002381a25df50 WorkerThread "GC Thread#11"                    [id=33588, stack(0x000000c352a00000,0x000000c352b00000) (1024K)]
  0x000002381a25f8b0 WorkerThread "GC Thread#12"                    [id=3204, stack(0x000000c352b00000,0x000000c352c00000) (1024K)]
  0x000002381a25e2f0 WorkerThread "GC Thread#13"                    [id=26664, stack(0x000000c352c00000,0x000000c352d00000) (1024K)]
  0x000002381a25c990 WorkerThread "GC Thread#14"                    [id=32576, stack(0x000000c353200000,0x000000c353300000) (1024K)]
  0x000002381a25fc50 WorkerThread "GC Thread#15"                    [id=14948, stack(0x000000c353300000,0x000000c353400000) (1024K)]
  0x000002381a25e690 WorkerThread "GC Thread#16"                    [id=29732, stack(0x000000c353400000,0x000000c353500000) (1024K)]
  0x000002381a25c5f0 WorkerThread "GC Thread#17"                    [id=33584, stack(0x000000c353500000,0x000000c353600000) (1024K)]
  0x000002381a25f510 WorkerThread "GC Thread#18"                    [id=22628, stack(0x000000c353600000,0x000000c353700000) (1024K)]
  0x000002382477f350 WorkerThread "GC Thread#19"                    [id=10248, stack(0x000000c353800000,0x000000c353900000) (1024K)]
  0x000002382477e4d0 WorkerThread "GC Thread#20"                    [id=13556, stack(0x000000c353900000,0x000000c353a00000) (1024K)]
  0x000002382477f6f0 WorkerThread "GC Thread#21"                    [id=33524, stack(0x000000c355f00000,0x000000c356000000) (1024K)]
  0x000002382477cf10 WorkerThread "GC Thread#22"                    [id=32324, stack(0x000000c356000000,0x000000c356100000) (1024K)]
Total: 25

Threads with active compile tasks:
C2 CompilerThread4  16789 6989   !   4       org.eclipse.osgi.internal.loader.classpath.ClasspathManager::defineClass (636 bytes)
Total: 1

VM state: not at safepoint (normal execution)

VM Mutex/Monitor currently owned by a thread: None

Heap address: 0x0000000080000000, size: 2048 MB, Compressed Oops mode: 32-bit

CDS archive(s) mapped at: [0x00000237d8000000-0x00000237d8ba0000-0x00000237d8ba0000), size 12189696, SharedBaseAddress: 0x00000237d8000000, ArchiveRelocationMode: 1.
Compressed class space mapped at: 0x00000237d9000000-0x0000023819000000, reserved size: 1073741824
Narrow klass base: 0x00000237d8000000, Narrow klass shift: 0, Narrow klass range: 0x100000000

GC Precious Log:
 CardTable entry size: 512
 CPUs: 32 total, 32 available
 Memory: 65154M
 Large Page Support: Disabled
 NUMA Support: Disabled
 Compressed Oops: Enabled (32-bit)
 Alignments: Space 512K, Generation 512K, Heap 2M
 Heap Min Capacity: 100M
 Heap Initial Capacity: 100M
 Heap Max Capacity: 2G
 Pre-touch: Disabled
 Parallel Workers: 23

Heap:
 PSYoungGen      total 19968K, used 3448K [0x00000000d5580000, 0x00000000d7280000, 0x0000000100000000)
  eden space 17408K, 6% used [0x00000000d5580000,0x00000000d56a8048,0x00000000d6680000)
  from space 2560K, 88% used [0x00000000d7000000,0x00000000d72362f8,0x00000000d7280000)
  to   space 5120K, 0% used [0x00000000d6880000,0x00000000d6880000,0x00000000d6d80000)
 ParOldGen       total 68608K, used 34599K [0x0000000080000000, 0x0000000084300000, 0x00000000d5580000)
  object space 68608K, 50% used [0x0000000080000000,0x00000000821c9f60,0x0000000084300000)
 Metaspace       used 48629K, committed 49792K, reserved 1114112K
  class space    used 5381K, committed 5888K, reserved 1048576K

Card table byte_map: [0x00000237c0cb0000,0x00000237c10c0000] _byte_map_base: 0x00000237c08b0000

Marking Bits: (ParMarkBitMap*) 0x00007fff35e6a340
 Begin Bits: [0x00000237d37b0000, 0x00000237d57b0000)
 End Bits:   [0x00000237d57b0000, 0x00000237d77b0000)

Polling page: 0x00000237bf370000

Metaspace:

Usage:
  Non-class:     42.23 MB used.
      Class:      5.26 MB used.
       Both:     47.49 MB used.

Virtual space:
  Non-class space:       64.00 MB reserved,      42.88 MB ( 67%) committed,  1 nodes.
      Class space:        1.00 GB reserved,       5.75 MB ( <1%) committed,  1 nodes.
             Both:        1.06 GB reserved,      48.62 MB (  4%) committed. 

Chunk freelists:
   Non-Class:  4.86 MB
       Class:  10.22 MB
        Both:  15.08 MB

MaxMetaspaceSize: unlimited
CompressedClassSpaceSize: 1.00 GB
Initial GC threshold: 21.00 MB
Current GC threshold: 58.38 MB
CDS: on
 - commit_granule_bytes: 65536.
 - commit_granule_words: 8192.
 - virtual_space_node_default_size: 8388608.
 - enlarge_chunks_in_place: 1.
 - use_allocation_guard: 0.


Internal statistics:

num_allocs_failed_limit: 6.
num_arena_births: 834.
num_arena_deaths: 14.
num_vsnodes_births: 2.
num_vsnodes_deaths: 0.
num_space_committed: 778.
num_space_uncommitted: 0.
num_chunks_returned_to_freelist: 20.
num_chunks_taken_from_freelist: 2919.
num_chunk_merges: 10.
num_chunk_splits: 1869.
num_chunks_enlarged: 1170.
num_inconsistent_stats: 0.

CodeHeap 'non-profiled nmethods': size=118848Kb used=3638Kb max_used=3638Kb free=115209Kb
 bounds [0x00000237cc0f0000, 0x00000237cc480000, 0x00000237d3500000]
CodeHeap 'profiled nmethods': size=118848Kb used=13447Kb max_used=13447Kb free=105401Kb
 bounds [0x00000237c4500000, 0x00000237c5230000, 0x00000237cb910000]
CodeHeap 'non-nmethods': size=8064Kb used=3630Kb max_used=3715Kb free=4433Kb
 bounds [0x00000237cb910000, 0x00000237cbcc0000, 0x00000237cc0f0000]
CodeCache: size=245760Kb, used=20715Kb, max_used=20800Kb, free=225043Kb
 total_blobs=7091, nmethods=6412, adapters=581, full_count=0
Compilation: enabled, stopped_count=0, restarted_count=0

Compilation events (20 events):
Event: 16.642 Thread 0x000002381a1daed0 6987       3       org.gradle.internal.classpath.DefaultClassPath$ImmutableUniqueList::get (57 bytes)
Event: 16.642 Thread 0x00000238230636f0 6988       3       org.gradle.internal.Cast::uncheckedNonnullCast (2 bytes)
Event: 16.642 Thread 0x000002381a1daed0 nmethod 6987 0x00000237c5220090 code [0x00000237c5220300, 0x00000237c5220ae0]
Event: 16.642 Thread 0x00000238230636f0 nmethod 6988 0x00000237c5220e90 code [0x00000237c5221020, 0x00000237c5221110]
Event: 16.646 Thread 0x000002382656b240 6989   !   4       org.eclipse.osgi.internal.loader.classpath.ClasspathManager::defineClass (636 bytes)
Event: 16.646 Thread 0x0000023822e2f530 nmethod 6986 0x00000237cc479c90 code [0x00000237cc479ee0, 0x00000237cc47aa20]
Event: 16.647 Thread 0x000002382314ecd0 6990       3       java.lang.Runtime$Version::feature (17 bytes)
Event: 16.647 Thread 0x000002382314ecd0 nmethod 6990 0x00000237c5221190 code [0x00000237c5221340, 0x00000237c5221630]
Event: 16.648 Thread 0x0000023822e2f530 6991 %     4       java.util.jar.JarFile::match @ 14 (132 bytes)
Event: 16.650 Thread 0x000002381a33bd10 6992       4       sun.nio.fs.WindowsPathParser::isSlash (18 bytes)
Event: 16.650 Thread 0x000002381a33bd10 nmethod 6992 0x00000237cc47b290 code [0x00000237cc47b400, 0x00000237cc47b478]
Event: 16.651 Thread 0x0000023822e2f530 nmethod 6991% 0x00000237cc47b590 code [0x00000237cc47b740, 0x00000237cc47bb58]
Event: 16.651 Thread 0x000002381a1daed0 6993       3       java.net.URL::toString (5 bytes)
Event: 16.651 Thread 0x000002381a1daed0 nmethod 6993 0x00000237c5221710 code [0x00000237c52218c0, 0x00000237c5221b00]
Event: 16.661 Thread 0x000002381a33bd10 6994       4       java.lang.StringLatin1::toChars (16 bytes)
Event: 16.662 Thread 0x000002381a33bd10 nmethod 6994 0x00000237cc47be10 code [0x00000237cc47bfa0, 0x00000237cc47c170]
Event: 16.664 Thread 0x0000023822e2d790 6995       4       java.lang.String::toLowerCase (29 bytes)
Event: 16.669 Thread 0x0000023822e2f530 6996       4       jdk.internal.ref.PhantomCleanable::<init> (49 bytes)
Event: 16.673 Thread 0x0000023822e2f530 nmethod 6996 0x00000237cc47c290 code [0x00000237cc47c440, 0x00000237cc47c870]
Event: 16.676 Thread 0x0000023822e2d790 nmethod 6995 0x00000237cc47cb90 code [0x00000237cc47cd60, 0x00000237cc47d5d8]

GC Heap History (20 events):
Event: 14.715 GC heap before
{Heap before GC invocations=13 (full 1):
 PSYoungGen      total 24576K, used 24372K [0x00000000d5580000, 0x00000000d7180000, 0x0000000100000000)
  eden space 22528K, 100% used [0x00000000d5580000,0x00000000d6b80000,0x00000000d6b80000)
  from space 2048K, 90% used [0x00000000d6d80000,0x00000000d6f4d140,0x00000000d6f80000)
  to   space 2048K, 0% used [0x00000000d6f80000,0x00000000d6f80000,0x00000000d7180000)
 ParOldGen       total 68608K, used 16484K [0x0000000080000000, 0x0000000084300000, 0x00000000d5580000)
  object space 68608K, 24% used [0x0000000080000000,0x00000000810190d0,0x0000000084300000)
 Metaspace       used 33572K, committed 34496K, reserved 1114112K
  class space    used 3377K, committed 3776K, reserved 1048576K
}
Event: 14.717 GC heap after
{Heap after GC invocations=13 (full 1):
 PSYoungGen      total 24064K, used 1984K [0x00000000d5580000, 0x00000000d7180000, 0x0000000100000000)
  eden space 22016K, 0% used [0x00000000d5580000,0x00000000d5580000,0x00000000d6b00000)
  from space 2048K, 96% used [0x00000000d6f80000,0x00000000d7170000,0x00000000d7180000)
  to   space 2048K, 0% used [0x00000000d6d80000,0x00000000d6d80000,0x00000000d6f80000)
 ParOldGen       total 68608K, used 17758K [0x0000000080000000, 0x0000000084300000, 0x00000000d5580000)
  object space 68608K, 25% used [0x0000000080000000,0x0000000081157908,0x0000000084300000)
 Metaspace       used 33572K, committed 34496K, reserved 1114112K
  class space    used 3377K, committed 3776K, reserved 1048576K
}
Event: 14.833 GC heap before
{Heap before GC invocations=14 (full 1):
 PSYoungGen      total 24064K, used 13343K [0x00000000d5580000, 0x00000000d7180000, 0x0000000100000000)
  eden space 22016K, 51% used [0x00000000d5580000,0x00000000d6097c90,0x00000000d6b00000)
  from space 2048K, 96% used [0x00000000d6f80000,0x00000000d7170000,0x00000000d7180000)
  to   space 2048K, 0% used [0x00000000d6d80000,0x00000000d6d80000,0x00000000d6f80000)
 ParOldGen       total 68608K, used 17758K [0x0000000080000000, 0x0000000084300000, 0x00000000d5580000)
  object space 68608K, 25% used [0x0000000080000000,0x0000000081157908,0x0000000084300000)
 Metaspace       used 34876K, committed 35840K, reserved 1114112K
  class space    used 3560K, committed 3968K, reserved 1048576K
}
Event: 14.835 GC heap after
{Heap after GC invocations=14 (full 1):
 PSYoungGen      total 23040K, used 832K [0x00000000d5580000, 0x00000000d7000000, 0x0000000100000000)
  eden space 22016K, 0% used [0x00000000d5580000,0x00000000d5580000,0x00000000d6b00000)
  from space 1024K, 81% used [0x00000000d6d80000,0x00000000d6e50000,0x00000000d6e80000)
  to   space 1536K, 0% used [0x00000000d6e80000,0x00000000d6e80000,0x00000000d7000000)
 ParOldGen       total 68608K, used 19482K [0x0000000080000000, 0x0000000084300000, 0x00000000d5580000)
  object space 68608K, 28% used [0x0000000080000000,0x0000000081306a48,0x0000000084300000)
 Metaspace       used 34876K, committed 35840K, reserved 1114112K
  class space    used 3560K, committed 3968K, reserved 1048576K
}
Event: 14.835 GC heap before
{Heap before GC invocations=15 (full 2):
 PSYoungGen      total 23040K, used 832K [0x00000000d5580000, 0x00000000d7000000, 0x0000000100000000)
  eden space 22016K, 0% used [0x00000000d5580000,0x00000000d5580000,0x00000000d6b00000)
  from space 1024K, 81% used [0x00000000d6d80000,0x00000000d6e50000,0x00000000d6e80000)
  to   space 1536K, 0% used [0x00000000d6e80000,0x00000000d6e80000,0x00000000d7000000)
 ParOldGen       total 68608K, used 19482K [0x0000000080000000, 0x0000000084300000, 0x00000000d5580000)
  object space 68608K, 28% used [0x0000000080000000,0x0000000081306a48,0x0000000084300000)
 Metaspace       used 34876K, committed 35840K, reserved 1114112K
  class space    used 3560K, committed 3968K, reserved 1048576K
}
Event: 14.853 GC heap after
{Heap after GC invocations=15 (full 2):
 PSYoungGen      total 23040K, used 0K [0x00000000d5580000, 0x00000000d7000000, 0x0000000100000000)
  eden space 22016K, 0% used [0x00000000d5580000,0x00000000d5580000,0x00000000d6b00000)
  from space 1024K, 0% used [0x00000000d6d80000,0x00000000d6d80000,0x00000000d6e80000)
  to   space 1536K, 0% used [0x00000000d6e80000,0x00000000d6e80000,0x00000000d7000000)
 ParOldGen       total 68608K, used 19302K [0x0000000080000000, 0x0000000084300000, 0x00000000d5580000)
  object space 68608K, 28% used [0x0000000080000000,0x00000000812d9aa8,0x0000000084300000)
 Metaspace       used 34876K, committed 35840K, reserved 1114112K
  class space    used 3560K, committed 3968K, reserved 1048576K
}
Event: 15.153 GC heap before
{Heap before GC invocations=16 (full 2):
 PSYoungGen      total 23040K, used 22016K [0x00000000d5580000, 0x00000000d7000000, 0x0000000100000000)
  eden space 22016K, 100% used [0x00000000d5580000,0x00000000d6b00000,0x00000000d6b00000)
  from space 1024K, 0% used [0x00000000d6d80000,0x00000000d6d80000,0x00000000d6e80000)
  to   space 1536K, 0% used [0x00000000d6e80000,0x00000000d6e80000,0x00000000d7000000)
 ParOldGen       total 68608K, used 19302K [0x0000000080000000, 0x0000000084300000, 0x00000000d5580000)
  object space 68608K, 28% used [0x0000000080000000,0x00000000812d9aa8,0x0000000084300000)
 Metaspace       used 37153K, committed 38208K, reserved 1114112K
  class space    used 3880K, committed 4352K, reserved 1048576K
}
Event: 15.155 GC heap after
{Heap after GC invocations=16 (full 2):
 PSYoungGen      total 23552K, used 1405K [0x00000000d5580000, 0x00000000d7000000, 0x0000000100000000)
  eden space 22016K, 0% used [0x00000000d5580000,0x00000000d5580000,0x00000000d6b00000)
  from space 1536K, 91% used [0x00000000d6e80000,0x00000000d6fdf660,0x00000000d7000000)
  to   space 1536K, 0% used [0x00000000d6d00000,0x00000000d6d00000,0x00000000d6e80000)
 ParOldGen       total 68608K, used 19310K [0x0000000080000000, 0x0000000084300000, 0x00000000d5580000)
  object space 68608K, 28% used [0x0000000080000000,0x00000000812dbaa8,0x0000000084300000)
 Metaspace       used 37153K, committed 38208K, reserved 1114112K
  class space    used 3880K, committed 4352K, reserved 1048576K
}
Event: 15.436 GC heap before
{Heap before GC invocations=17 (full 2):
 PSYoungGen      total 23552K, used 23421K [0x00000000d5580000, 0x00000000d7000000, 0x0000000100000000)
  eden space 22016K, 100% used [0x00000000d5580000,0x00000000d6b00000,0x00000000d6b00000)
  from space 1536K, 91% used [0x00000000d6e80000,0x00000000d6fdf660,0x00000000d7000000)
  to   space 1536K, 0% used [0x00000000d6d00000,0x00000000d6d00000,0x00000000d6e80000)
 ParOldGen       total 68608K, used 19310K [0x0000000080000000, 0x0000000084300000, 0x00000000d5580000)
  object space 68608K, 28% used [0x0000000080000000,0x00000000812dbaa8,0x0000000084300000)
 Metaspace       used 38682K, committed 39744K, reserved 1114112K
  class space    used 4078K, committed 4544K, reserved 1048576K
}
Event: 15.438 GC heap after
{Heap after GC invocations=17 (full 2):
 PSYoungGen      total 23040K, used 864K [0x00000000d5580000, 0x00000000d6f00000, 0x0000000100000000)
  eden space 22016K, 0% used [0x00000000d5580000,0x00000000d5580000,0x00000000d6b00000)
  from space 1024K, 84% used [0x00000000d6d00000,0x00000000d6dd8000,0x00000000d6e00000)
  to   space 1024K, 0% used [0x00000000d6e00000,0x00000000d6e00000,0x00000000d6f00000)
 ParOldGen       total 68608K, used 20230K [0x0000000080000000, 0x0000000084300000, 0x00000000d5580000)
  object space 68608K, 29% used [0x0000000080000000,0x00000000813c1ab8,0x0000000084300000)
 Metaspace       used 38682K, committed 39744K, reserved 1114112K
  class space    used 4078K, committed 4544K, reserved 1048576K
}
Event: 15.611 GC heap before
{Heap before GC invocations=18 (full 2):
 PSYoungGen      total 23040K, used 22880K [0x00000000d5580000, 0x00000000d6f00000, 0x0000000100000000)
  eden space 22016K, 100% used [0x00000000d5580000,0x00000000d6b00000,0x00000000d6b00000)
  from space 1024K, 84% used [0x00000000d6d00000,0x00000000d6dd8000,0x00000000d6e00000)
  to   space 1024K, 0% used [0x00000000d6e00000,0x00000000d6e00000,0x00000000d6f00000)
 ParOldGen       total 68608K, used 20230K [0x0000000080000000, 0x0000000084300000, 0x00000000d5580000)
  object space 68608K, 29% used [0x0000000080000000,0x00000000813c1ab8,0x0000000084300000)
 Metaspace       used 41261K, committed 42304K, reserved 1114112K
  class space    used 4412K, committed 4864K, reserved 1048576K
}
Event: 15.612 GC heap after
{Heap after GC invocations=18 (full 2):
 PSYoungGen      total 23040K, used 1024K [0x00000000d5580000, 0x00000000d6f00000, 0x0000000100000000)
  eden space 22016K, 0% used [0x00000000d5580000,0x00000000d5580000,0x00000000d6b00000)
  from space 1024K, 100% used [0x00000000d6e00000,0x00000000d6f00000,0x00000000d6f00000)
  to   space 2048K, 0% used [0x00000000d6b00000,0x00000000d6b00000,0x00000000d6d00000)
 ParOldGen       total 68608K, used 20814K [0x0000000080000000, 0x0000000084300000, 0x00000000d5580000)
  object space 68608K, 30% used [0x0000000080000000,0x0000000081453ab8,0x0000000084300000)
 Metaspace       used 41261K, committed 42304K, reserved 1114112K
  class space    used 4412K, committed 4864K, reserved 1048576K
}
Event: 15.841 GC heap before
{Heap before GC invocations=19 (full 2):
 PSYoungGen      total 23040K, used 23040K [0x00000000d5580000, 0x00000000d6f00000, 0x0000000100000000)
  eden space 22016K, 100% used [0x00000000d5580000,0x00000000d6b00000,0x00000000d6b00000)
  from space 1024K, 100% used [0x00000000d6e00000,0x00000000d6f00000,0x00000000d6f00000)
  to   space 2048K, 0% used [0x00000000d6b00000,0x00000000d6b00000,0x00000000d6d00000)
 ParOldGen       total 68608K, used 20814K [0x0000000080000000, 0x0000000084300000, 0x00000000d5580000)
  object space 68608K, 30% used [0x0000000080000000,0x0000000081453ab8,0x0000000084300000)
 Metaspace       used 43985K, committed 44992K, reserved 1114112K
  class space    used 4766K, committed 5184K, reserved 1048576K
}
Event: 15.842 GC heap after
{Heap after GC invocations=19 (full 2):
 PSYoungGen      total 24064K, used 1664K [0x00000000d5580000, 0x00000000d6f00000, 0x0000000100000000)
  eden space 22016K, 0% used [0x00000000d5580000,0x00000000d5580000,0x00000000d6b00000)
  from space 2048K, 81% used [0x00000000d6b00000,0x00000000d6ca0000,0x00000000d6d00000)
  to   space 2048K, 0% used [0x00000000d6d00000,0x00000000d6d00000,0x00000000d6f00000)
 ParOldGen       total 68608K, used 21741K [0x0000000080000000, 0x0000000084300000, 0x00000000d5580000)
  object space 68608K, 31% used [0x0000000080000000,0x000000008153b7b8,0x0000000084300000)
 Metaspace       used 43985K, committed 44992K, reserved 1114112K
  class space    used 4766K, committed 5184K, reserved 1048576K
}
Event: 16.331 GC heap before
{Heap before GC invocations=20 (full 2):
 PSYoungGen      total 24064K, used 23680K [0x00000000d5580000, 0x00000000d6f00000, 0x0000000100000000)
  eden space 22016K, 100% used [0x00000000d5580000,0x00000000d6b00000,0x00000000d6b00000)
  from space 2048K, 81% used [0x00000000d6b00000,0x00000000d6ca0000,0x00000000d6d00000)
  to   space 2048K, 0% used [0x00000000d6d00000,0x00000000d6d00000,0x00000000d6f00000)
 ParOldGen       total 68608K, used 21741K [0x0000000080000000, 0x0000000084300000, 0x00000000d5580000)
  object space 68608K, 31% used [0x0000000080000000,0x000000008153b7b8,0x0000000084300000)
 Metaspace       used 45679K, committed 46848K, reserved 1114112K
  class space    used 4953K, committed 5504K, reserved 1048576K
}
Event: 16.349 GC heap after
{Heap after GC invocations=20 (full 2):
 PSYoungGen      total 19456K, used 2041K [0x00000000d5580000, 0x00000000d7800000, 0x0000000100000000)
  eden space 17408K, 0% used [0x00000000d5580000,0x00000000d5580000,0x00000000d6680000)
  from space 2048K, 99% used [0x00000000d6d00000,0x00000000d6efe5e0,0x00000000d6f00000)
  to   space 6656K, 0% used [0x00000000d6680000,0x00000000d6680000,0x00000000d6d00000)
 ParOldGen       total 68608K, used 25543K [0x0000000080000000, 0x0000000084300000, 0x00000000d5580000)
  object space 68608K, 37% used [0x0000000080000000,0x00000000818f1e88,0x0000000084300000)
 Metaspace       used 45679K, committed 46848K, reserved 1114112K
  class space    used 4953K, committed 5504K, reserved 1048576K
}
Event: 16.506 GC heap before
{Heap before GC invocations=21 (full 2):
 PSYoungGen      total 19456K, used 19449K [0x00000000d5580000, 0x00000000d7800000, 0x0000000100000000)
  eden space 17408K, 100% used [0x00000000d5580000,0x00000000d6680000,0x00000000d6680000)
  from space 2048K, 99% used [0x00000000d6d00000,0x00000000d6efe5e0,0x00000000d6f00000)
  to   space 6656K, 0% used [0x00000000d6680000,0x00000000d6680000,0x00000000d6d00000)
 ParOldGen       total 68608K, used 25543K [0x0000000080000000, 0x0000000084300000, 0x00000000d5580000)
  object space 68608K, 37% used [0x0000000080000000,0x00000000818f1e88,0x0000000084300000)
 Metaspace       used 46938K, committed 48064K, reserved 1114112K
  class space    used 5100K, committed 5568K, reserved 1048576K
}
Event: 16.509 GC heap after
{Heap after GC invocations=21 (full 2):
 PSYoungGen      total 24064K, used 6656K [0x00000000d5580000, 0x00000000d7980000, 0x0000000100000000)
  eden space 17408K, 0% used [0x00000000d5580000,0x00000000d5580000,0x00000000d6680000)
  from space 6656K, 100% used [0x00000000d6680000,0x00000000d6d00000,0x00000000d6d00000)
  to   space 9728K, 0% used [0x00000000d7000000,0x00000000d7000000,0x00000000d7980000)
 ParOldGen       total 68608K, used 27852K [0x0000000080000000, 0x0000000084300000, 0x00000000d5580000)
  object space 68608K, 40% used [0x0000000080000000,0x0000000081b33120,0x0000000084300000)
 Metaspace       used 46938K, committed 48064K, reserved 1114112K
  class space    used 5100K, committed 5568K, reserved 1048576K
}
Event: 16.656 GC heap before
{Heap before GC invocations=22 (full 2):
 PSYoungGen      total 24064K, used 24063K [0x00000000d5580000, 0x00000000d7980000, 0x0000000100000000)
  eden space 17408K, 99% used [0x00000000d5580000,0x00000000d667ffe0,0x00000000d6680000)
  from space 6656K, 100% used [0x00000000d6680000,0x00000000d6d00000,0x00000000d6d00000)
  to   space 9728K, 0% used [0x00000000d7000000,0x00000000d7000000,0x00000000d7980000)
 ParOldGen       total 68608K, used 27852K [0x0000000080000000, 0x0000000084300000, 0x00000000d5580000)
  object space 68608K, 40% used [0x0000000080000000,0x0000000081b33120,0x0000000084300000)
 Metaspace       used 48629K, committed 49792K, reserved 1114112K
  class space    used 5381K, committed 5888K, reserved 1048576K
}
Event: 16.660 GC heap after
{Heap after GC invocations=22 (full 2):
 PSYoungGen      total 19968K, used 2264K [0x00000000d5580000, 0x00000000d7280000, 0x0000000100000000)
  eden space 17408K, 0% used [0x00000000d5580000,0x00000000d5580000,0x00000000d6680000)
  from space 2560K, 88% used [0x00000000d7000000,0x00000000d72362f8,0x00000000d7280000)
  to   space 5120K, 0% used [0x00000000d6880000,0x00000000d6880000,0x00000000d6d80000)
 ParOldGen       total 68608K, used 34599K [0x0000000080000000, 0x0000000084300000, 0x00000000d5580000)
  object space 68608K, 50% used [0x0000000080000000,0x00000000821c9f60,0x0000000084300000)
 Metaspace       used 48629K, committed 49792K, reserved 1114112K
  class space    used 5381K, committed 5888K, reserved 1048576K
}

Dll operation events (10 events):
Event: 0.005 Loaded shared library c:\Users\LIONH456\.cursor\extensions\redhat.java-1.45.0-win32-x64\jre\21.0.8-win32-x86_64\bin\java.dll
Event: 0.037 Loaded shared library c:\Users\LIONH456\.cursor\extensions\redhat.java-1.45.0-win32-x64\jre\21.0.8-win32-x86_64\bin\zip.dll
Event: 0.047 Loaded shared library C:\Users\LIONH456\.cursor\extensions\redhat.java-1.45.0-win32-x64\jre\21.0.8-win32-x86_64\bin\instrument.dll
Event: 0.049 Loaded shared library C:\Users\LIONH456\.cursor\extensions\redhat.java-1.45.0-win32-x64\jre\21.0.8-win32-x86_64\bin\net.dll
Event: 0.050 Loaded shared library C:\Users\LIONH456\.cursor\extensions\redhat.java-1.45.0-win32-x64\jre\21.0.8-win32-x86_64\bin\nio.dll
Event: 0.052 Loaded shared library C:\Users\LIONH456\.cursor\extensions\redhat.java-1.45.0-win32-x64\jre\21.0.8-win32-x86_64\bin\zip.dll
Event: 0.060 Loaded shared library C:\Users\LIONH456\.cursor\extensions\redhat.java-1.45.0-win32-x64\jre\21.0.8-win32-x86_64\bin\jimage.dll
Event: 0.105 Loaded shared library c:\Users\LIONH456\.cursor\extensions\redhat.java-1.45.0-win32-x64\jre\21.0.8-win32-x86_64\bin\verify.dll
Event: 5.455 Loaded shared library C:\Users\LIONH456\AppData\Roaming\Cursor\User\globalStorage\redhat.java\1.45.0\config_win\org.eclipse.equinox.launcher\org.eclipse.equinox.launcher.win32.win32.x86_64_1.2.1400.v20250801-0854\eclipse_11916.dll
Event: 13.426 Loaded shared library C:\Users\LIONH456\AppData\Local\Temp\jna-2008792745\jna644600358940197262.dll

Deoptimization events (20 events):
Event: 16.496 Thread 0x0000023822301660 Uncommon trap: trap_request=0xffffff45 fr.pc=0x00000237cc3f5ce4 relative=0x0000000000000044
Event: 16.496 Thread 0x0000023822301660 Uncommon trap: reason=unstable_if action=reinterpret pc=0x00000237cc3f5ce4 method=com.google.common.base.Preconditions.checkNotNull(Ljava/lang/Object;)Ljava/lang/Object; @ 1 c2
Event: 16.496 Thread 0x0000023822301660 DEOPT PACKING pc=0x00000237cc3f5ce4 sp=0x000000c353dfe9b0
Event: 16.496 Thread 0x0000023822301660 DEOPT UNPACKING pc=0x00000237cb963aa2 sp=0x000000c353dfe950 mode 2
Event: 16.639 Thread 0x000002382ae78540 DEOPT PACKING pc=0x00000237c4774bfb sp=0x000000c3566fded0
Event: 16.639 Thread 0x000002382ae78540 DEOPT UNPACKING pc=0x00000237cb964242 sp=0x000000c3566fd408 mode 0
Event: 16.644 Thread 0x000002382ae78540 DEOPT PACKING pc=0x00000237c4774bfb sp=0x000000c3566fded0
Event: 16.644 Thread 0x000002382ae78540 DEOPT UNPACKING pc=0x00000237cb964242 sp=0x000000c3566fd408 mode 0
Event: 16.645 Thread 0x000002382ae78540 DEOPT PACKING pc=0x00000237c4774bfb sp=0x000000c3566fded0
Event: 16.645 Thread 0x000002382ae78540 DEOPT UNPACKING pc=0x00000237cb964242 sp=0x000000c3566fd408 mode 0
Event: 16.649 Thread 0x000002382ae78540 DEOPT PACKING pc=0x00000237c4662ab9 sp=0x000000c3566fd880
Event: 16.649 Thread 0x000002382ae78540 DEOPT UNPACKING pc=0x00000237cb964242 sp=0x000000c3566fcd80 mode 0
Event: 16.650 Thread 0x000002382ae78540 DEOPT PACKING pc=0x00000237c51d0ec6 sp=0x000000c3566fd2c0
Event: 16.650 Thread 0x000002382ae78540 DEOPT UNPACKING pc=0x00000237cb964242 sp=0x000000c3566fc840 mode 0
Event: 16.655 Thread 0x000002382ae78540 DEOPT PACKING pc=0x00000237c4662ab9 sp=0x000000c3566fd880
Event: 16.655 Thread 0x000002382ae78540 DEOPT UNPACKING pc=0x00000237cb964242 sp=0x000000c3566fcd80 mode 0
Event: 16.666 Thread 0x000002382ae78540 DEOPT PACKING pc=0x00000237c4662ab9 sp=0x000000c3566fd880
Event: 16.666 Thread 0x000002382ae78540 DEOPT UNPACKING pc=0x00000237cb964242 sp=0x000000c3566fcd80 mode 0
Event: 16.668 Thread 0x000002382ae78540 DEOPT PACKING pc=0x00000237c51d0ec6 sp=0x000000c3566fd2c0
Event: 16.668 Thread 0x000002382ae78540 DEOPT UNPACKING pc=0x00000237cb964242 sp=0x000000c3566fc840 mode 0

Classes loaded (20 events):
Event: 16.459 Loading class java/nio/file/FileVisitResult
Event: 16.459 Loading class java/nio/file/FileVisitResult done
Event: 16.461 Loading class java/nio/file/FileChannelLinesSpliterator
Event: 16.462 Loading class java/nio/file/FileChannelLinesSpliterator done
Event: 16.462 Loading class java/util/stream/Streams$1
Event: 16.462 Loading class java/util/stream/Streams$1 done
Event: 16.462 Loading class java/nio/file/FileChannelLinesSpliterator$1
Event: 16.462 Loading class java/nio/file/FileChannelLinesSpliterator$1 done
Event: 16.559 Loading class java/util/concurrent/CopyOnWriteArraySet
Event: 16.560 Loading class java/util/concurrent/CopyOnWriteArraySet done
Event: 16.584 Loading class java/util/concurrent/ArrayBlockingQueue
Event: 16.584 Loading class java/util/concurrent/ArrayBlockingQueue done
Event: 16.617 Loading class java/net/HttpURLConnection
Event: 16.618 Loading class java/net/HttpURLConnection done
Event: 16.621 Loading class java/io/FileFilter
Event: 16.621 Loading class java/io/FileFilter done
Event: 16.634 Loading class java/util/concurrent/ConcurrentHashMap$ValueSpliterator
Event: 16.634 Loading class java/util/concurrent/ConcurrentHashMap$ValueSpliterator done
Event: 16.635 Loading class jdk/internal/loader/BootLoader$PackageHelper
Event: 16.635 Loading class jdk/internal/loader/BootLoader$PackageHelper done

Classes unloaded (7 events):
Event: 13.763 Thread 0x00000237c12adba0 Unloading class 0x00000237d91ab000 'java/lang/invoke/LambdaForm$MH+0x00000237d91ab000'
Event: 13.763 Thread 0x00000237c12adba0 Unloading class 0x00000237d91aac00 'java/lang/invoke/LambdaForm$MH+0x00000237d91aac00'
Event: 13.763 Thread 0x00000237c12adba0 Unloading class 0x00000237d91aa800 'java/lang/invoke/LambdaForm$MH+0x00000237d91aa800'
Event: 13.763 Thread 0x00000237c12adba0 Unloading class 0x00000237d91aa400 'java/lang/invoke/LambdaForm$MH+0x00000237d91aa400'
Event: 13.763 Thread 0x00000237c12adba0 Unloading class 0x00000237d91aa000 'java/lang/invoke/LambdaForm$BMH+0x00000237d91aa000'
Event: 13.763 Thread 0x00000237c12adba0 Unloading class 0x00000237d91a9c00 'java/lang/invoke/LambdaForm$DMH+0x00000237d91a9c00'
Event: 13.763 Thread 0x00000237c12adba0 Unloading class 0x00000237d91a8800 'java/lang/invoke/LambdaForm$DMH+0x00000237d91a8800'

Classes redefined (0 events):
No events

Internal exceptions (20 events):
Event: 15.993 Thread 0x0000023822300940 Exception <a 'sun/nio/fs/WindowsException'{0x00000000d5eae0c8}> (0x00000000d5eae0c8) 
thrown [s\src\hotspot\share\prims\jni.cpp, line 520]
Event: 15.993 Thread 0x0000023822300940 Exception <a 'sun/nio/fs/WindowsException'{0x00000000d5eb15b0}> (0x00000000d5eb15b0) 
thrown [s\src\hotspot\share\prims\jni.cpp, line 520]
Event: 15.993 Thread 0x0000023822300940 Exception <a 'sun/nio/fs/WindowsException'{0x00000000d5eb1be0}> (0x00000000d5eb1be0) 
thrown [s\src\hotspot\share\prims\jni.cpp, line 520]
Event: 16.000 Thread 0x0000023822300940 Exception <a 'sun/nio/fs/WindowsException'{0x00000000d5f496e8}> (0x00000000d5f496e8) 
thrown [s\src\hotspot\share\prims\jni.cpp, line 520]
Event: 16.000 Thread 0x0000023822300940 Exception <a 'sun/nio/fs/WindowsException'{0x00000000d5f49d18}> (0x00000000d5f49d18) 
thrown [s\src\hotspot\share\prims\jni.cpp, line 520]
Event: 16.204 Thread 0x0000023822300940 Exception <a 'sun/nio/fs/WindowsException'{0x00000000d64ddde8}> (0x00000000d64ddde8) 
thrown [s\src\hotspot\share\prims\jni.cpp, line 520]
Event: 16.215 Thread 0x0000023822300940 Exception <a 'java/io/FileNotFoundException'{0x00000000d6600958}> (0x00000000d6600958) 
thrown [s\src\hotspot\share\prims\jni.cpp, line 520]
Event: 16.215 Thread 0x0000023822300940 Exception <a 'java/io/FileNotFoundException'{0x00000000d6601e48}> (0x00000000d6601e48) 
thrown [s\src\hotspot\share\prims\jni.cpp, line 520]
Event: 16.215 Thread 0x0000023822300940 Exception <a 'java/lang/NoSuchMethodError'{0x00000000d66116b8}: 'java.lang.Object java.lang.invoke.DirectMethodHandle$Holder.newInvokeSpecial(java.lang.Object, java.lang.Object, java.lang.Object, int)'> (0x00000000d66116b8) 
thrown [s\src\hotspot\share\interpreter\linkResolver.cpp, line 773]
Event: 16.216 Thread 0x0000023822300940 Exception <a 'java/lang/NoSuchMethodError'{0x00000000d6615a40}: 'java.lang.Object java.lang.invoke.DirectMethodHandle$Holder.invokeSpecial(java.lang.Object, java.lang.Object, java.lang.Object, java.lang.Object, int)'> (0x00000000d6615a40) 
thrown [s\src\hotspot\share\interpreter\linkResolver.cpp, line 773]
Event: 16.216 Thread 0x0000023822300940 Exception <a 'java/lang/NoSuchMethodError'{0x00000000d6619610}: 'java.lang.Object java.lang.invoke.Invokers$Holder.linkToTargetMethod(java.lang.Object, java.lang.Object, int, java.lang.Object)'> (0x00000000d6619610) 
thrown [s\src\hotspot\share\interpreter\linkResolver.cpp, line 773]
Event: 16.313 Thread 0x0000023822300940 Exception <a 'java/io/FileNotFoundException'{0x00000000d673a140}> (0x00000000d673a140) 
thrown [s\src\hotspot\share\prims\jni.cpp, line 520]
Event: 16.313 Thread 0x0000023822300940 Exception <a 'java/io/FileNotFoundException'{0x00000000d673aea8}> (0x00000000d673aea8) 
thrown [s\src\hotspot\share\prims\jni.cpp, line 520]
Event: 16.417 Thread 0x0000023822301660 Exception <a 'java/lang/NoSuchMethodError'{0x00000000d615ebb8}: 'int java.lang.invoke.DirectMethodHandle$Holder.invokeSpecialIFC(java.lang.Object, java.lang.Object, java.lang.Object, java.lang.Object)'> (0x00000000d615ebb8) 
thrown [s\src\hotspot\share\interpreter\linkResolver.cpp, line 773]
Event: 16.433 Thread 0x0000023825d69410 Exception <a 'java/lang/IncompatibleClassChangeError'{0x00000000d6354358}: Found class java.lang.Object, but interface was expected> (0x00000000d6354358) 
thrown [s\src\hotspot\share\interpreter\linkResolver.cpp, line 840]
Event: 16.447 Thread 0x0000023822301660 Exception <a 'java/lang/NoSuchMethodError'{0x00000000d63f50d0}: 'int java.lang.invoke.DirectMethodHandle$Holder.invokeInterface(java.lang.Object, java.lang.Object)'> (0x00000000d63f50d0) 
thrown [s\src\hotspot\share\interpreter\linkResolver.cpp, line 773]
Event: 16.447 Thread 0x0000023822301660 Exception <a 'java/lang/IncompatibleClassChangeError'{0x00000000d63f80e0}: Found class java.lang.Object, but interface was expected> (0x00000000d63f80e0) 
thrown [s\src\hotspot\share\interpreter\linkResolver.cpp, line 840]
Event: 16.456 Thread 0x0000023822301660 Exception <a 'java/lang/NoSuchMethodError'{0x00000000d64e59f8}: method resolution failed> (0x00000000d64e59f8) 
thrown [s\src\hotspot\share\prims\methodHandles.cpp, line 1144]
Event: 16.562 Thread 0x0000023822301660 Exception <a 'java/lang/NoSuchMethodError'{0x00000000d5a8b178}: 'java.lang.Object java.lang.invoke.DirectMethodHandle$Holder.invokeVirtual(java.lang.Object, java.lang.Object, java.lang.Object, java.lang.Object)'> (0x00000000d5a8b178) 
thrown [s\src\hotspot\share\interpreter\linkResolver.cpp, line 773]
Event: 16.564 Thread 0x0000023822301660 Exception <a 'java/lang/NoSuchMethodError'{0x00000000d5aad3e0}: 'java.lang.Object java.lang.invoke.DirectMethodHandle$Holder.invokeVirtual(java.lang.Object, java.lang.Object, java.lang.Object, java.lang.Object, java.lang.Object)'> (0x00000000d5aad3e0) 
thrown [s\src\hotspot\share\interpreter\linkResolver.cpp, line 773]

ZGC Phase Switch (0 events):
No events

VM Operations (20 events):
Event: 15.544 Executing VM operation: HandshakeAllThreads (Deoptimize)
Event: 15.544 Executing VM operation: HandshakeAllThreads (Deoptimize) done
Event: 15.611 Executing VM operation: ParallelGCFailedAllocation (Allocation Failure)
Event: 15.613 Executing VM operation: ParallelGCFailedAllocation (Allocation Failure) done
Event: 15.679 Executing VM operation: HandshakeAllThreads (Deoptimize)
Event: 15.679 Executing VM operation: HandshakeAllThreads (Deoptimize) done
Event: 15.804 Executing VM operation: ICBufferFull
Event: 15.805 Executing VM operation: ICBufferFull done
Event: 15.841 Executing VM operation: ParallelGCFailedAllocation (Allocation Failure)
Event: 15.842 Executing VM operation: ParallelGCFailedAllocation (Allocation Failure) done
Event: 16.331 Executing VM operation: ParallelGCFailedAllocation (Allocation Failure)
Event: 16.349 Executing VM operation: ParallelGCFailedAllocation (Allocation Failure) done
Event: 16.361 Executing VM operation: HandshakeAllThreads (Deoptimize)
Event: 16.361 Executing VM operation: HandshakeAllThreads (Deoptimize) done
Event: 16.506 Executing VM operation: ParallelGCFailedAllocation (Allocation Failure)
Event: 16.509 Executing VM operation: ParallelGCFailedAllocation (Allocation Failure) done
Event: 16.633 Executing VM operation: HandshakeAllThreads (Deoptimize)
Event: 16.633 Executing VM operation: HandshakeAllThreads (Deoptimize) done
Event: 16.656 Executing VM operation: ParallelGCFailedAllocation (Allocation Failure)
Event: 16.660 Executing VM operation: ParallelGCFailedAllocation (Allocation Failure) done

Memory protections (0 events):
No events

Nmethod flushes (20 events):
Event: 14.846 Thread 0x00000237c12adba0 flushing  nmethod 0x00000237c4bdd490
Event: 14.846 Thread 0x00000237c12adba0 flushing  nmethod 0x00000237c4c08590
Event: 14.846 Thread 0x00000237c12adba0 flushing  nmethod 0x00000237c4c09a10
Event: 14.846 Thread 0x00000237c12adba0 flushing  nmethod 0x00000237c4c0a310
Event: 14.846 Thread 0x00000237c12adba0 flushing  nmethod 0x00000237c4c0b510
Event: 14.846 Thread 0x00000237c12adba0 flushing  nmethod 0x00000237c4c0ca90
Event: 14.846 Thread 0x00000237c12adba0 flushing  nmethod 0x00000237c4c0e210
Event: 14.846 Thread 0x00000237c12adba0 flushing  nmethod 0x00000237c4c0e710
Event: 14.846 Thread 0x00000237c12adba0 flushing  nmethod 0x00000237c4c0ec10
Event: 14.846 Thread 0x00000237c12adba0 flushing  nmethod 0x00000237c4c0f090
Event: 14.846 Thread 0x00000237c12adba0 flushing  nmethod 0x00000237c4c10d90
Event: 14.846 Thread 0x00000237c12adba0 flushing  nmethod 0x00000237c4c11690
Event: 14.846 Thread 0x00000237c12adba0 flushing  nmethod 0x00000237c4c12390
Event: 14.846 Thread 0x00000237c12adba0 flushing  nmethod 0x00000237c4c1ba10
Event: 14.846 Thread 0x00000237c12adba0 flushing  nmethod 0x00000237c4c5c490
Event: 14.846 Thread 0x00000237c12adba0 flushing  nmethod 0x00000237c4c62810
Event: 14.846 Thread 0x00000237c12adba0 flushing  nmethod 0x00000237c4c67390
Event: 14.846 Thread 0x00000237c12adba0 flushing  nmethod 0x00000237c4d14710
Event: 14.846 Thread 0x00000237c12adba0 flushing  nmethod 0x00000237c4d15090
Event: 14.846 Thread 0x00000237c12adba0 flushing  nmethod 0x00000237c4d3bb90

Events (20 events):
Event: 16.316 Thread 0x00000238246b2be0 Thread added: 0x00000238246b3270
Event: 16.317 Thread 0x00000238246af760 Thread added: 0x00000238246afdf0
Event: 16.317 Thread 0x00000238246b3270 Thread added: 0x00000238246b4620
Event: 16.317 Thread 0x00000238246afdf0 Thread added: 0x00000238246b5340
Event: 16.317 Thread 0x00000238246b4620 Thread added: 0x00000238246b3900
Event: 16.318 Thread 0x00000238246b5340 Thread added: 0x00000238246b3f90
Event: 16.318 Thread 0x00000238246b3f90 Thread added: 0x00000238246b4cb0
Event: 16.318 Thread 0x00000238246b3900 Thread added: 0x000002382ae798f0
Event: 16.318 Thread 0x00000238246b4cb0 Thread added: 0x000002382ae79f80
Event: 16.319 Thread 0x000002382ae798f0 Thread added: 0x000002382ae7aca0
Event: 16.319 Thread 0x000002382ae79f80 Thread added: 0x000002382ae77820
Event: 16.319 Thread 0x000002382ae7aca0 Thread added: 0x000002382ae7b330
Event: 16.319 Thread 0x000002382ae7b330 Thread added: 0x000002382ae77eb0
Event: 16.530 Thread 0x0000023822301660 Thread added: 0x000002382ae7a610
Event: 16.562 Thread 0x00000238251b4880 Thread exited: 0x00000238251b4880
Event: 16.564 Thread 0x000002382729ad70 Thread exited: 0x000002382729ad70
Event: 16.595 Thread 0x0000023822301660 Thread added: 0x000002382ae78540
Event: 16.604 Thread 0x0000023826513c70 Thread exited: 0x0000023826513c70
Event: 16.631 Thread 0x0000023826512f20 Thread exited: 0x0000023826512f20
Event: 16.669 Thread 0x00000238265608e0 Thread exited: 0x00000238265608e0


Dynamic libraries:
0x00007ff639be0000 - 0x00007ff639bee000 	c:\Users\LIONH456\.cursor\extensions\redhat.java-1.45.0-win32-x64\jre\21.0.8-win32-x86_64\bin\java.exe
0x00007ff81bc40000 - 0x00007ff81bea7000 	C:\WINDOWS\SYSTEM32\ntdll.dll
0x00007ff81ba00000 - 0x00007ff81bac9000 	C:\WINDOWS\System32\KERNEL32.DLL
0x00007ff8190f0000 - 0x00007ff8194e0000 	C:\WINDOWS\System32\KERNELBASE.dll
0x00007ff818fa0000 - 0x00007ff8190eb000 	C:\WINDOWS\System32\ucrtbase.dll
0x00007fffe37e0000 - 0x00007fffe37f8000 	c:\Users\LIONH456\.cursor\extensions\redhat.java-1.45.0-win32-x64\jre\21.0.8-win32-x86_64\bin\jli.dll
0x00007fffd8820000 - 0x00007fffd883e000 	c:\Users\LIONH456\.cursor\extensions\redhat.java-1.45.0-win32-x64\jre\21.0.8-win32-x86_64\bin\VCRUNTIME140.dll
0x00007ff81b700000 - 0x00007ff81b8c5000 	C:\WINDOWS\System32\USER32.dll
0x00007ff818e30000 - 0x00007ff818e57000 	C:\WINDOWS\System32\win32u.dll
0x00007ff817fb0000 - 0x00007ff81824a000 	C:\WINDOWS\WinSxS\amd64_microsoft.windows.common-controls_6595b64144ccf1df_6.0.26100.4768_none_3e0c112ce331287c\COMCTL32.dll
0x00007ff81b250000 - 0x00007ff81b27b000 	C:\WINDOWS\System32\GDI32.dll
0x00007ff8194f0000 - 0x00007ff819628000 	C:\WINDOWS\System32\gdi32full.dll
0x00007ff81b3f0000 - 0x00007ff81b499000 	C:\WINDOWS\System32\msvcrt.dll
0x00007ff818e60000 - 0x00007ff818f03000 	C:\WINDOWS\System32\msvcp_win.dll
0x00007ff81b4a0000 - 0x00007ff81b4cf000 	C:\WINDOWS\System32\IMM32.DLL
0x00007ff803eb0000 - 0x00007ff803ebc000 	c:\Users\LIONH456\.cursor\extensions\redhat.java-1.45.0-win32-x64\jre\21.0.8-win32-x86_64\bin\vcruntime140_1.dll
0x00007fff5b340000 - 0x00007fff5b3cd000 	c:\Users\LIONH456\.cursor\extensions\redhat.java-1.45.0-win32-x64\jre\21.0.8-win32-x86_64\bin\msvcp140.dll
0x00007fff351b0000 - 0x00007fff35f47000 	c:\Users\LIONH456\.cursor\extensions\redhat.java-1.45.0-win32-x64\jre\21.0.8-win32-x86_64\bin\server\jvm.dll
0x00007ff81b5d0000 - 0x00007ff81b684000 	C:\WINDOWS\System32\ADVAPI32.dll
0x00007ff819bc0000 - 0x00007ff819c66000 	C:\WINDOWS\System32\sechost.dll
0x00007ff819a60000 - 0x00007ff819b78000 	C:\WINDOWS\System32\RPCRT4.dll
0x00007ff81bb00000 - 0x00007ff81bb74000 	C:\WINDOWS\System32\WS2_32.dll
0x00007ff818bd0000 - 0x00007ff818c2e000 	C:\WINDOWS\SYSTEM32\POWRPROF.dll
0x00007ff80fd70000 - 0x00007ff80fd7b000 	C:\WINDOWS\SYSTEM32\VERSION.dll
0x00007ff80c5a0000 - 0x00007ff80c5d5000 	C:\WINDOWS\SYSTEM32\WINMM.dll
0x00007ff818bb0000 - 0x00007ff818bc4000 	C:\WINDOWS\SYSTEM32\UMPDC.dll
0x00007ff817150000 - 0x00007ff81716b000 	C:\WINDOWS\SYSTEM32\kernel.appcore.dll
0x00007fffe7da0000 - 0x00007fffe7daa000 	c:\Users\LIONH456\.cursor\extensions\redhat.java-1.45.0-win32-x64\jre\21.0.8-win32-x86_64\bin\jimage.dll
0x00007ff818630000 - 0x00007ff818871000 	C:\WINDOWS\SYSTEM32\DBGHELP.DLL
0x00007ff81a420000 - 0x00007ff81a7a5000 	C:\WINDOWS\System32\combase.dll
0x00007ff81b4e0000 - 0x00007ff81b5c0000 	C:\WINDOWS\System32\OLEAUT32.dll
0x00007ff818410000 - 0x00007ff818453000 	C:\WINDOWS\SYSTEM32\dbgcore.DLL
0x00007ff819930000 - 0x00007ff8199c9000 	C:\WINDOWS\System32\bcryptPrimitives.dll
0x00007fffe69a0000 - 0x00007fffe69af000 	c:\Users\LIONH456\.cursor\extensions\redhat.java-1.45.0-win32-x64\jre\21.0.8-win32-x86_64\bin\instrument.dll
0x00007fffd76e0000 - 0x00007fffd76ff000 	c:\Users\LIONH456\.cursor\extensions\redhat.java-1.45.0-win32-x64\jre\21.0.8-win32-x86_64\bin\java.dll
0x00007ff819c70000 - 0x00007ff81a3bd000 	C:\WINDOWS\System32\SHELL32.dll
0x00007ff8197b0000 - 0x00007ff819923000 	C:\WINDOWS\System32\wintypes.dll
0x00007ff815ee0000 - 0x00007ff81673f000 	C:\WINDOWS\SYSTEM32\windows.storage.dll
0x00007ff81a7b0000 - 0x00007ff81a8a5000 	C:\WINDOWS\System32\SHCORE.dll
0x00007ff81b690000 - 0x00007ff81b6fa000 	C:\WINDOWS\System32\shlwapi.dll
0x00007ff818c90000 - 0x00007ff818cb9000 	C:\WINDOWS\SYSTEM32\profapi.dll
0x00007fffc6370000 - 0x00007fffc6388000 	c:\Users\LIONH456\.cursor\extensions\redhat.java-1.45.0-win32-x64\jre\21.0.8-win32-x86_64\bin\zip.dll
0x00007fffe5550000 - 0x00007fffe5560000 	C:\Users\LIONH456\.cursor\extensions\redhat.java-1.45.0-win32-x64\jre\21.0.8-win32-x86_64\bin\net.dll
0x00007ff8113e0000 - 0x00007ff8114fe000 	C:\WINDOWS\SYSTEM32\WINHTTP.dll
0x00007ff817930000 - 0x00007ff81799b000 	C:\WINDOWS\system32\mswsock.dll
0x00007fffc24b0000 - 0x00007fffc24c6000 	C:\Users\LIONH456\.cursor\extensions\redhat.java-1.45.0-win32-x64\jre\21.0.8-win32-x86_64\bin\nio.dll
0x00007fffe51e0000 - 0x00007fffe51f0000 	c:\Users\LIONH456\.cursor\extensions\redhat.java-1.45.0-win32-x64\jre\21.0.8-win32-x86_64\bin\verify.dll
0x00007fffc6860000 - 0x00007fffc68a4000 	C:\Users\LIONH456\AppData\Roaming\Cursor\User\globalStorage\redhat.java\1.45.0\config_win\org.eclipse.equinox.launcher\org.eclipse.equinox.launcher.win32.win32.x86_64_1.2.1400.v20250801-0854\eclipse_11916.dll
0x00007ff81b0a0000 - 0x00007ff81b240000 	C:\WINDOWS\System32\ole32.dll
0x00007ff8188a0000 - 0x00007ff8188bb000 	C:\WINDOWS\SYSTEM32\CRYPTSP.dll
0x00007ff8172e0000 - 0x00007ff81731b000 	C:\WINDOWS\system32\rsaenh.dll
0x00007ff8178b0000 - 0x00007ff8178db000 	C:\WINDOWS\SYSTEM32\USERENV.dll
0x00007ff818c60000 - 0x00007ff818c86000 	C:\WINDOWS\SYSTEM32\bcrypt.dll
0x00007ff817cd0000 - 0x00007ff817cdc000 	C:\WINDOWS\SYSTEM32\CRYPTBASE.dll
0x00007ff816c90000 - 0x00007ff816cc3000 	C:\WINDOWS\SYSTEM32\IPHLPAPI.DLL
0x00007ff81baf0000 - 0x00007ff81bafa000 	C:\WINDOWS\System32\NSI.dll
0x00007fffc3460000 - 0x00007fffc34a9000 	C:\Users\LIONH456\AppData\Local\Temp\jna-2008792745\jna644600358940197262.dll
0x00007ff81a410000 - 0x00007ff81a418000 	C:\WINDOWS\System32\PSAPI.DLL
0x00007ff8117c0000 - 0x00007ff8117df000 	C:\WINDOWS\SYSTEM32\dhcpcsvc6.DLL
0x00007ff811790000 - 0x00007ff8117b5000 	C:\WINDOWS\SYSTEM32\dhcpcsvc.DLL

JVMTI agents:
c:\Users\LIONH456\.cursor\extensions\redhat.java-1.45.0-win32-x64\lombok\lombok-1.18.39-4050.jar path:c:\Users\LIONH456\.cursor\extensions\redhat.java-1.45.0-win32-x64\jre\21.0.8-win32-x86_64\bin\instrument.dll, loaded, initialized, instrumentlib options:none

dbghelp: loaded successfully - version: 4.0.5 - missing functions: none
symbol engine: initialized successfully - sym options: 0x614 - pdb path: .;c:\Users\LIONH456\.cursor\extensions\redhat.java-1.45.0-win32-x64\jre\21.0.8-win32-x86_64\bin;C:\WINDOWS\SYSTEM32;C:\WINDOWS\WinSxS\amd64_microsoft.windows.common-controls_6595b64144ccf1df_6.0.26100.4768_none_3e0c112ce331287c;c:\Users\LIONH456\.cursor\extensions\redhat.java-1.45.0-win32-x64\jre\21.0.8-win32-x86_64\bin\server;C:\Users\LIONH456\AppData\Roaming\Cursor\User\globalStorage\redhat.java\1.45.0\config_win\org.eclipse.equinox.launcher\org.eclipse.equinox.launcher.win32.win32.x86_64_1.2.1400.v20250801-0854;C:\Users\LIONH456\AppData\Local\Temp\jna-2008792745

VM Arguments:
jvm_args: --add-modules=ALL-SYSTEM --add-opens=java.base/java.util=ALL-UNNAMED --add-opens=java.base/java.lang=ALL-UNNAMED --add-opens=java.base/sun.nio.fs=ALL-UNNAMED -Declipse.application=org.eclipse.jdt.ls.core.id1 -Dosgi.bundles.defaultStartLevel=4 -Declipse.product=org.eclipse.jdt.ls.core.product -Djava.import.generatesMetadataFilesAtProjectRoot=false -DDetectVMInstallationsJob.disabled=true -Dfile.encoding=utf8 -XX:+UseParallelGC -XX:GCTimeRatio=4 -XX:AdaptiveSizePolicyWeight=90 -Dsun.zip.disableMemoryMapping=true -Xmx2G -Xms100m -Xlog:disable -javaagent:c:\Users\LIONH456\.cursor\extensions\redhat.java-1.45.0-win32-x64\lombok\lombok-1.18.39-4050.jar -XX:+HeapDumpOnOutOfMemoryError -XX:HeapDumpPath=c:\Users\LIONH456\AppData\Roaming\Cursor\User\workspaceStorage\76a9ed5c6fdba2b4253aabcdae1f886f\redhat.java -Daether.dependencyCollector.impl=bf 
java_command: c:\Users\LIONH456\.cursor\extensions\redhat.java-1.45.0-win32-x64\server\plugins\org.eclipse.equinox.launcher_1.7.0.v20250519-0528.jar -configuration c:\Users\LIONH456\AppData\Roaming\Cursor\User\globalStorage\redhat.java\1.45.0\config_win -data c:\Users\LIONH456\AppData\Roaming\Cursor\User\workspaceStorage\76a9ed5c6fdba2b4253aabcdae1f886f\redhat.java\jdt_ws --pipe=\\.\pipe\lsp-30ac084ac7880a331b9d2929a9835906-sock
java_class_path (initial): c:\Users\LIONH456\.cursor\extensions\redhat.java-1.45.0-win32-x64\server\plugins\org.eclipse.equinox.launcher_1.7.0.v20250519-0528.jar
Launcher Type: SUN_STANDARD

[Global flags]
    uintx AdaptiveSizePolicyWeight                 = 90                                        {product} {command line}
     intx CICompilerCount                          = 15                                        {product} {ergonomic}
    uintx GCTimeRatio                              = 4                                         {product} {command line}
     bool HeapDumpOnOutOfMemoryError               = true                                   {manageable} {command line}
    ccstr HeapDumpPath                             = c:\Users\LIONH456\AppData\Roaming\Cursor\User\workspaceStorage\76a9ed5c6fdba2b4253aabcdae1f886f\redhat.java         {manageable} {command line}
   size_t InitialHeapSize                          = 104857600                                 {product} {command line}
   size_t MaxHeapSize                              = 2147483648                                {product} {command line}
   size_t MaxNewSize                               = 715653120                                 {product} {ergonomic}
   size_t MinHeapDeltaBytes                        = 524288                                    {product} {ergonomic}
   size_t MinHeapSize                              = 104857600                                 {product} {command line}
   size_t NewSize                                  = 34603008                                  {product} {ergonomic}
    uintx NonNMethodCodeHeapSize                   = 8192380                                {pd product} {ergonomic}
    uintx NonProfiledCodeHeapSize                  = 121732930                              {pd product} {ergonomic}
   size_t OldSize                                  = 70254592                                  {product} {ergonomic}
    uintx ProfiledCodeHeapSize                     = 121732930                              {pd product} {ergonomic}
    uintx ReservedCodeCacheSize                    = 251658240                              {pd product} {ergonomic}
     bool SegmentedCodeCache                       = true                                      {product} {ergonomic}
   size_t SoftMaxHeapSize                          = 2147483648                             {manageable} {ergonomic}
     bool UseCompressedOops                        = true                           {product lp64_product} {ergonomic}
     bool UseLargePagesIndividualAllocation        = false                                  {pd product} {ergonomic}
     bool UseParallelGC                            = true                                      {product} {command line}

Logging:
Log output configuration:
 #0: stdout all=off uptime,level,tags foldmultilines=false
 #1: stderr all=off uptime,level,tags foldmultilines=false

Environment Variables:
JAVA_HOME=C:\Program Files\Java\jdk-24
PATH=C:\Program Files\Common Files\Oracle\Java\javapath;C:\Program Files\dotnet;C:\flutter\bin;C:\Windows\System32\WindowsPowerShell\v1.0\;C:\Windows\System32\;C:\Program Files\Microsoft SQL Server\Client SDK\ODBC\170\Tools\Binn\;C:\Program Files\Microsoft SQL Server\160\DTS\Binn\;C:\Program Files\dotnet\;C:\Program Files\nodejs\;C:\flutter\bin;C:\laragon\bin\composer;C:\laragon\bin\git\bin;C:\laragon\bin\git\cmd;C:\laragon\bin\git\mingw64\bin;C:\laragon\bin\git\usr\bin;C:\laragon\bin\laragon\utils;C:\laragon\bin\mysql\mysql-8.0.30-winx64\bin;C:\laragon\bin\nginx\nginx-1.22.0;C:\laragon\bin\ngrok;C:\laragon\bin\nodejs\node-v18;C:\laragon\bin\notepad++;C:\laragon\bin\php\php-8.3.11;C:\laragon\bin\python\python-3.10;C:\laragon\bin\python\python-3.10\Scripts;C:\laragon\bin\redis\redis-x64-5.0.14.1;C:\laragon\bin\telnet;C:\laragon\usr\bin;C:\Users\LIONH456\AppData\Local\Yarn\config\global\node_modules\.bin;C:\Users\LIONH456\AppData\Roaming\Composer\vendor\bin;C:\Users\LIONH456\AppData\Local\Programs\Python\Python311\Scripts\;C:\Users\LIONH456\AppData\Local\Programs\Python\Python311\;C:\Users\LIONH456\AppData\Local\Microsoft\WindowsApps;C:\Program Files\JetBrains\PyCharm 2023.1.2\bin;C:\MinGW\bin;C:\Program Files\Azure Data Studio\bin;C:\SQLite;C:\Apache\apache-maven-3.9.10\bin;C:\Apache\gradle-8.14.2\bin;D:\Important things\Setec University\SU2\Python\Y4S1\mongosh-2.5.5-win32-x64\bin;C:\Program Files\Docker\Docker\resources\bin;C:\Program Files\Java\jdk-24\bin;C:\Users\LIONH456\AppData\Local\Programs\cursor\resources\app\bin;C:\Users\LIONH456\AppData\Local\Programs\Microsoft VS Code\bin;C:\Users\LIONH456\AppData\Roaming\npm;
USERNAME=LIONH456
OS=Windows_NT
PROCESSOR_IDENTIFIER=Intel64 Family 6 Model 183 Stepping 1, GenuineIntel
TMP=C:\Users\LIONH456\AppData\Local\Temp
TEMP=C:\Users\LIONH456\AppData\Local\Temp




Periodic native trim disabled

---------------  S Y S T E M  ---------------

OS:
 Windows 11 , 64 bit Build 26100 (10.0.26100.4768)
OS uptime: 0 days 1:54 hours
Hyper-V role detected

CPU: total 32 (initial active 32) (16 cores per cpu, 2 threads per core) family 6 model 183 stepping 1 microcode 0x12b, cx8, cmov, fxsr, ht, mmx, 3dnowpref, sse, sse2, sse3, ssse3, sse4.1, sse4.2, popcnt, lzcnt, tsc, tscinvbit, avx, avx2, aes, erms, clmul, bmi1, bmi2, adx, sha, fma, vzeroupper, clflush, clflushopt, clwb, hv, serialize, rdtscp, rdpid, fsrm, f16c, cet_ibt, cet_ss
Processor Information for processor 0
  Max Mhz: 2200, Current Mhz: 2200, Mhz Limit: 2200
Processor Information for processor 1
  Max Mhz: 2200, Current Mhz: 2200, Mhz Limit: 2200
Processor Information for processor 2
  Max Mhz: 2200, Current Mhz: 2200, Mhz Limit: 2200
Processor Information for processor 3
  Max Mhz: 2200, Current Mhz: 2200, Mhz Limit: 2200
Processor Information for processor 4
  Max Mhz: 2200, Current Mhz: 2200, Mhz Limit: 2200
Processor Information for processor 5
  Max Mhz: 2200, Current Mhz: 2200, Mhz Limit: 2200
Processor Information for processor 6
  Max Mhz: 2200, Current Mhz: 2200, Mhz Limit: 2200
Processor Information for processor 7
  Max Mhz: 2200, Current Mhz: 2200, Mhz Limit: 2200
Processor Information for processor 8
  Max Mhz: 2200, Current Mhz: 2200, Mhz Limit: 2200
Processor Information for processor 9
  Max Mhz: 2200, Current Mhz: 2200, Mhz Limit: 2200
Processor Information for processor 10
  Max Mhz: 2200, Current Mhz: 2200, Mhz Limit: 2200
Processor Information for processor 11
  Max Mhz: 2200, Current Mhz: 2200, Mhz Limit: 2200
Processor Information for processor 12
  Max Mhz: 2200, Current Mhz: 2200, Mhz Limit: 2200
Processor Information for processor 13
  Max Mhz: 2200, Current Mhz: 2200, Mhz Limit: 2200
Processor Information for processor 14
  Max Mhz: 2200, Current Mhz: 2200, Mhz Limit: 2200
Processor Information for processor 15
  Max Mhz: 2200, Current Mhz: 2200, Mhz Limit: 2200
Processor Information for processor 16
  Max Mhz: 2200, Current Mhz: 1600, Mhz Limit: 1584
Processor Information for processor 17
  Max Mhz: 2200, Current Mhz: 1600, Mhz Limit: 1584
Processor Information for processor 18
  Max Mhz: 2200, Current Mhz: 1600, Mhz Limit: 1584
Processor Information for processor 19
  Max Mhz: 2200, Current Mhz: 1600, Mhz Limit: 1584
Processor Information for processor 20
  Max Mhz: 2200, Current Mhz: 1600, Mhz Limit: 1584
Processor Information for processor 21
  Max Mhz: 2200, Current Mhz: 1600, Mhz Limit: 1584
Processor Information for processor 22
  Max Mhz: 2200, Current Mhz: 1600, Mhz Limit: 1584
Processor Information for processor 23
  Max Mhz: 2200, Current Mhz: 1600, Mhz Limit: 1584
Processor Information for processor 24
  Max Mhz: 2200, Current Mhz: 1600, Mhz Limit: 1584
Processor Information for processor 25
  Max Mhz: 2200, Current Mhz: 1600, Mhz Limit: 1584
Processor Information for processor 26
  Max Mhz: 2200, Current Mhz: 1600, Mhz Limit: 1584
Processor Information for processor 27
  Max Mhz: 2200, Current Mhz: 1600, Mhz Limit: 1584
Processor Information for processor 28
  Max Mhz: 2200, Current Mhz: 1600, Mhz Limit: 1584
Processor Information for processor 29
  Max Mhz: 2200, Current Mhz: 1600, Mhz Limit: 1584
Processor Information for processor 30
  Max Mhz: 2200, Current Mhz: 1600, Mhz Limit: 1584
Processor Information for processor 31
  Max Mhz: 2200, Current Mhz: 1600, Mhz Limit: 1584

Memory: 4k page, system-wide physical 65154M (46739M free)
TotalPageFile size 69250M (AvailPageFile size 25902M)
current process WorkingSet (physical memory assigned to process): 307M, peak: 307M
current process commit charge ("private bytes"): 464M, peak: 467M

vm_info: OpenJDK 64-Bit Server VM (21.0.8+9-LTS) for windows-amd64 JRE (21.0.8+9-LTS), built on 2025-07-15T00:00:00Z by "admin" with MS VC++ 17.7 (VS2022)

END.
